INFO 2024-06-27 14:14:14,594 autoreload Watching for file changes with StatReloader
INFO 2024-06-27 14:14:14,594 autoreload Watching for file changes with StatReloader
INFO 2024-06-27 14:22:19,863 autoreload Watching for file changes with StatReloader
INFO 2024-06-27 14:22:19,863 autoreload Watching for file changes with StatReloader
INFO 2024-06-27 14:23:51,820 basehttp "GET /get_profile_info/ HTTP/1.1" 200 194
INFO 2024-06-27 14:23:51,820 basehttp "GET /get_profile_info/ HTTP/1.1" 200 194
INFO 2024-06-27 14:23:51,856 basehttp "GET /return_friends_list/ HTTP/1.1" 200 1797
INFO 2024-06-27 14:23:51,856 basehttp "GET /return_friends_list/ HTTP/1.1" 200 1797
INFO 2024-06-27 14:23:51,859 basehttp "GET /media/default.png HTTP/1.1" 200 7871
INFO 2024-06-27 14:23:51,859 basehttp "GET /media/default.png HTTP/1.1" 200 7871
INFO 2024-06-27 14:23:53,595 basehttp "GET /get_stats/2 HTTP/1.1" 200 349
INFO 2024-06-27 14:23:53,595 basehttp "GET /get_stats/2 HTTP/1.1" 200 349
INFO 2024-06-27 14:23:59,820 basehttp "GET /return_friends_list/ HTTP/1.1" 200 1797
INFO 2024-06-27 14:23:59,820 basehttp "GET /return_friends_list/ HTTP/1.1" 200 1797
INFO 2024-06-27 14:23:59,840 basehttp "GET /media/default.png HTTP/1.1" 200 7871
INFO 2024-06-27 14:23:59,840 basehttp "GET /media/default.png HTTP/1.1" 200 7871
INFO 2024-06-27 14:23:59,841 basehttp "GET /media/botLogo.png HTTP/1.1" 200 116267
INFO 2024-06-27 14:23:59,841 basehttp "GET /media/botLogo.png HTTP/1.1" 200 116267
INFO 2024-06-27 14:24:06,193 basehttp "GET / HTTP/1.1" 200 44888
INFO 2024-06-27 14:24:06,193 basehttp "GET / HTTP/1.1" 200 44888
INFO 2024-06-27 14:24:06,450 basehttp "GET /static/html/css/escapePage.css HTTP/1.1" 200 3405
INFO 2024-06-27 14:24:06,450 basehttp "GET /static/html/css/escapePage.css HTTP/1.1" 200 3405
INFO 2024-06-27 14:24:06,454 basehttp "GET /static/html/css/rsContainer.css HTTP/1.1" 200 1769
INFO 2024-06-27 14:24:06,454 basehttp "GET /static/html/css/rsContainer.css HTTP/1.1" 200 1769
INFO 2024-06-27 14:24:06,454 basehttp "GET /static/html/css/loginPage.css HTTP/1.1" 200 5150
INFO 2024-06-27 14:24:06,454 basehttp "GET /static/html/css/loginPage.css HTTP/1.1" 200 5150
INFO 2024-06-27 14:24:06,462 basehttp "GET /static/html/css/planetPage.css HTTP/1.1" 200 2945
INFO 2024-06-27 14:24:06,462 basehttp "GET /static/html/css/planetPage.css HTTP/1.1" 200 2945
INFO 2024-06-27 14:24:06,464 basehttp "GET /static/html/css/style.css HTTP/1.1" 200 1650
INFO 2024-06-27 14:24:06,464 basehttp "GET /static/html/css/style.css HTTP/1.1" 200 1650
INFO 2024-06-27 14:24:06,467 basehttp "GET /static/html/css/lsContainer.css HTTP/1.1" 200 446
INFO 2024-06-27 14:24:06,467 basehttp "GET /static/html/css/lsContainer.css HTTP/1.1" 200 446
INFO 2024-06-27 14:24:06,505 basehttp "GET /static/html/css/tiles.css HTTP/1.1" 200 3795
INFO 2024-06-27 14:24:06,505 basehttp "GET /static/html/css/tiles.css HTTP/1.1" 200 3795
INFO 2024-06-27 14:24:06,506 basehttp "GET /static/html/css/userPage.css HTTP/1.1" 200 10816
INFO 2024-06-27 14:24:06,506 basehttp "GET /static/html/css/userPage.css HTTP/1.1" 200 10816
INFO 2024-06-27 14:24:06,509 basehttp "GET /static/html/css/SignUpPage.css HTTP/1.1" 200 3195
INFO 2024-06-27 14:24:06,509 basehttp "GET /static/html/css/SignUpPage.css HTTP/1.1" 200 3195
INFO 2024-06-27 14:24:06,512 basehttp "GET /static/html/css/arenaPage.css HTTP/1.1" 200 5785
INFO 2024-06-27 14:24:06,512 basehttp "GET /static/html/css/arenaPage.css HTTP/1.1" 200 5785
INFO 2024-06-27 14:24:06,513 basehttp "GET /static/html/css/rgpdPage.css HTTP/1.1" 200 1579
INFO 2024-06-27 14:24:06,513 basehttp "GET /static/html/css/rgpdPage.css HTTP/1.1" 200 1579
INFO 2024-06-27 14:24:06,515 basehttp "GET /static/html/css/modifyPage.css HTTP/1.1" 200 6363
INFO 2024-06-27 14:24:06,515 basehttp "GET /static/html/css/modifyPage.css HTTP/1.1" 200 6363
INFO 2024-06-27 14:24:06,552 basehttp "GET /static/game/style/style.css HTTP/1.1" 200 6606
INFO 2024-06-27 14:24:06,552 basehttp "GET /static/game/style/style.css HTTP/1.1" 200 6606
INFO 2024-06-27 14:24:06,558 basehttp "GET /static/tournament/css/style.css HTTP/1.1" 200 7588
INFO 2024-06-27 14:24:06,558 basehttp "GET /static/tournament/css/style.css HTTP/1.1" 200 7588
INFO 2024-06-27 14:24:06,555 basehttp "GET /static/html/js/arenaPage.js HTTP/1.1" 200 23386
INFO 2024-06-27 14:24:06,567 basehttp "GET /static/tournament/css/bracket.css HTTP/1.1" 200 2948
INFO 2024-06-27 14:24:06,555 basehttp "GET /static/html/js/arenaPage.js HTTP/1.1" 200 23386
INFO 2024-06-27 14:24:06,567 basehttp "GET /static/tournament/css/bracket.css HTTP/1.1" 200 2948
INFO 2024-06-27 14:24:06,570 basehttp "GET /static/html/js/translatePages.js HTTP/1.1" 200 10912
INFO 2024-06-27 14:24:06,570 basehttp "GET /static/html/js/translatePages.js HTTP/1.1" 200 10912
INFO 2024-06-27 14:24:06,574 basehttp "GET /static/html/js/loginPage.js HTTP/1.1" 200 15288
INFO 2024-06-27 14:24:06,574 basehttp "GET /static/html/js/loginPage.js HTTP/1.1" 200 15288
INFO 2024-06-27 14:24:06,577 basehttp "GET /static/html/js/main.js HTTP/1.1" 200 20588
INFO 2024-06-27 14:24:06,577 basehttp "GET /static/html/js/main.js HTTP/1.1" 200 20588
INFO 2024-06-27 14:24:06,599 basehttp "GET /static/html/js/modifyPage.js HTTP/1.1" 200 4470
INFO 2024-06-27 14:24:06,599 basehttp "GET /static/html/js/modifyPage.js HTTP/1.1" 200 4470
INFO 2024-06-27 14:24:06,606 basehttp "GET /static/html/js/stats.js HTTP/1.1" 200 5040
INFO 2024-06-27 14:24:06,606 basehttp "GET /static/html/js/stats.js HTTP/1.1" 200 5040
INFO 2024-06-27 14:24:06,610 basehttp "GET /static/html/js/userPage.js HTTP/1.1" 200 17743
INFO 2024-06-27 14:24:06,610 basehttp "GET /static/html/js/userPage.js HTTP/1.1" 200 17743
INFO 2024-06-27 14:24:06,643 basehttp "GET /static/tournament/js/gameData.js HTTP/1.1" 200 1830
INFO 2024-06-27 14:24:06,643 basehttp "GET /static/tournament/js/gameData.js HTTP/1.1" 200 1830
INFO 2024-06-27 14:24:06,650 basehttp "GET /static/tournament/js/bracket.js HTTP/1.1" 200 14363
INFO 2024-06-27 14:24:06,650 basehttp "GET /static/tournament/js/bracket.js HTTP/1.1" 200 14363
INFO 2024-06-27 14:24:06,654 basehttp "GET /static/tournament/js/newTournament.js HTTP/1.1" 200 21481
INFO 2024-06-27 14:24:06,654 basehttp "GET /static/tournament/js/newTournament.js HTTP/1.1" 200 21481
INFO 2024-06-27 14:24:06,656 basehttp "GET /static/game/js/main.js HTTP/1.1" 200 162325
INFO 2024-06-27 14:24:06,656 basehttp "GET /static/game/js/main.js HTTP/1.1" 200 162325
INFO 2024-06-27 14:24:06,673 basehttp "GET /static/html/assets/fonts/DS-DIGI.TTF HTTP/1.1" 200 22696
INFO 2024-06-27 14:24:06,673 basehttp "GET /static/html/assets/fonts/DS-DIGI.TTF HTTP/1.1" 200 22696
INFO 2024-06-27 14:24:06,682 basehttp "GET /static/html/assets/icons/spaceshipIcon.png HTTP/1.1" 200 9548
INFO 2024-06-27 14:24:06,682 basehttp "GET /static/html/assets/icons/spaceshipIcon.png HTTP/1.1" 200 9548
INFO 2024-06-27 14:24:06,684 basehttp "GET /static/html/assets/icons/frame.png HTTP/1.1" 200 11634
INFO 2024-06-27 14:24:06,684 basehttp "GET /static/html/assets/icons/frame.png HTTP/1.1" 200 11634
INFO 2024-06-27 14:24:06,691 basehttp "GET /static/html/assets/fonts/SPACE.ttf HTTP/1.1" 200 112700
INFO 2024-06-27 14:24:06,691 basehttp "GET /static/html/assets/fonts/SPACE.ttf HTTP/1.1" 200 112700
INFO 2024-06-27 14:24:06,706 basehttp "GET /static/game/assets/scoreUI.png HTTP/1.1" 200 12897
INFO 2024-06-27 14:24:06,706 basehttp "GET /static/game/assets/scoreUI.png HTTP/1.1" 200 12897
INFO 2024-06-27 14:24:06,716 basehttp "GET /static/html/assets/icons/doubleArrow2.png HTTP/1.1" 200 19956
INFO 2024-06-27 14:24:06,716 basehttp "GET /static/html/assets/icons/doubleArrow2.png HTTP/1.1" 200 19956
INFO 2024-06-27 14:24:06,718 basehttp "GET /static/html/assets/icons/ES_NU.png HTTP/1.1" 200 3873
INFO 2024-06-27 14:24:06,718 basehttp "GET /static/html/assets/icons/ES_NU.png HTTP/1.1" 200 3873
INFO 2024-06-27 14:24:06,720 basehttp "GET /static/html/assets/icons/pencil.png HTTP/1.1" 200 20681
INFO 2024-06-27 14:24:06,721 basehttp "GET /static/html/assets/icons/checkMark.png HTTP/1.1" 200 41074
INFO 2024-06-27 14:24:06,720 basehttp "GET /static/html/assets/icons/pencil.png HTTP/1.1" 200 20681
INFO 2024-06-27 14:24:06,721 basehttp "GET /static/html/assets/icons/checkMark.png HTTP/1.1" 200 41074
INFO 2024-06-27 14:24:06,735 basehttp "GET /static/game/assets/cursor/gun.cur HTTP/1.1" 200 11294
INFO 2024-06-27 14:24:06,735 basehttp "GET /static/game/assets/cursor/gun.cur HTTP/1.1" 200 11294
INFO 2024-06-27 14:24:06,737 basehttp "GET /static/game/assets/cursor/pointer.cur HTTP/1.1" 200 9662
INFO 2024-06-27 14:24:06,737 basehttp "GET /static/game/assets/cursor/pointer.cur HTTP/1.1" 200 9662
INFO 2024-06-27 14:24:06,738 basehttp "GET /static/html/assets/icons/info.png HTTP/1.1" 200 787
INFO 2024-06-27 14:24:06,738 basehttp "GET /static/html/assets/icons/info.png HTTP/1.1" 200 787
INFO 2024-06-27 14:24:06,738 basehttp "GET /static/html/assets/icons/plus.png HTTP/1.1" 200 14421
INFO 2024-06-27 14:24:06,738 basehttp "GET /static/html/assets/icons/plus.png HTTP/1.1" 200 14421
INFO 2024-06-27 14:24:06,746 basehttp "GET /static/html/assets/icons/redCross.svg HTTP/1.1" 200 2219
INFO 2024-06-27 14:24:06,746 basehttp "GET /static/html/assets/icons/redCross.svg HTTP/1.1" 200 2219
INFO 2024-06-27 14:24:06,748 basehttp "GET /static/html/assets/icons/FR_NU.png HTTP/1.1" 200 344
INFO 2024-06-27 14:24:06,748 basehttp "GET /static/html/assets/icons/FR_NU.png HTTP/1.1" 200 344
INFO 2024-06-27 14:24:06,748 basehttp "GET /static/html/assets/icons/BR_NU.png HTTP/1.1" 200 2798
INFO 2024-06-27 14:24:06,748 basehttp "GET /static/html/assets/icons/BR_NU.png HTTP/1.1" 200 2798
INFO 2024-06-27 14:24:06,749 basehttp "GET /static/html/assets/icons/mexicanAlienWhite.png HTTP/1.1" 200 21849
INFO 2024-06-27 14:24:06,749 basehttp "GET /static/html/assets/icons/mexicanAlienWhite.png HTTP/1.1" 200 21849
INFO 2024-06-27 14:24:06,755 basehttp "GET /static/html/assets/icons/frenchAlienWhite.png HTTP/1.1" 200 16652
INFO 2024-06-27 14:24:06,755 basehttp "GET /static/html/assets/icons/frenchAlienWhite.png HTTP/1.1" 200 16652
INFO 2024-06-27 14:24:06,755 basehttp "GET /static/html/assets/icons/englishAlienWhite.png HTTP/1.1" 200 21998
INFO 2024-06-27 14:24:06,755 basehttp "GET /static/html/assets/icons/englishAlienWhite.png HTTP/1.1" 200 21998
INFO 2024-06-27 14:24:06,761 basehttp "GET /static/game/assets/cursor/default.cur HTTP/1.1" 200 9662
INFO 2024-06-27 14:24:06,761 basehttp "GET /static/game/assets/cursor/default.cur HTTP/1.1" 200 9662
INFO 2024-06-27 14:24:07,331 basehttp "GET /static/html/js/showPages.js HTTP/1.1" 200 1105
INFO 2024-06-27 14:24:07,331 basehttp "GET /static/html/js/showPages.js HTTP/1.1" 200 1105
INFO 2024-06-27 14:24:07,334 basehttp "GET /static/html/js/objs.js HTTP/1.1" 200 6475
INFO 2024-06-27 14:24:07,334 basehttp "GET /static/html/js/objs.js HTTP/1.1" 200 6475
INFO 2024-06-27 14:24:07,344 basehttp "GET /static/html/js/planetIntersection.js HTTP/1.1" 200 3749
INFO 2024-06-27 14:24:07,344 basehttp "GET /static/html/js/planetIntersection.js HTTP/1.1" 200 3749
INFO 2024-06-27 14:24:07,347 basehttp "GET /static/html/js/enterPlanet.js HTTP/1.1" 200 4750
INFO 2024-06-27 14:24:07,347 basehttp "GET /static/html/js/enterPlanet.js HTTP/1.1" 200 4750
INFO 2024-06-27 14:24:07,348 basehttp "GET /static/html/js/planets.js HTTP/1.1" 200 3573
INFO 2024-06-27 14:24:07,348 basehttp "GET /static/html/js/planets.js HTTP/1.1" 200 3573
INFO 2024-06-27 14:24:07,351 basehttp "GET /static/html/js/movement.js HTTP/1.1" 200 6696
INFO 2024-06-27 14:24:07,351 basehttp "GET /static/html/js/movement.js HTTP/1.1" 200 6696
INFO 2024-06-27 14:24:07,356 basehttp "GET /static/html/js/signUpPage.js HTTP/1.1" 200 3499
INFO 2024-06-27 14:24:07,356 basehttp "GET /static/html/js/signUpPage.js HTTP/1.1" 200 3499
INFO 2024-06-27 14:24:07,365 basehttp "GET /static/game/texturePlayground/shaders/vertex.js HTTP/1.1" 200 7946
INFO 2024-06-27 14:24:07,365 basehttp "GET /static/game/texturePlayground/shaders/vertex.js HTTP/1.1" 200 7946
INFO 2024-06-27 14:24:07,367 basehttp "GET /static/game/texturePlayground/shaders/lavaShader.js HTTP/1.1" 200 1441
INFO 2024-06-27 14:24:07,367 basehttp "GET /static/html/js/userManagement.js HTTP/1.1" 200 7822
INFO 2024-06-27 14:24:07,367 basehttp "GET /static/html/js/userManagement.js HTTP/1.1" 200 7822
INFO 2024-06-27 14:24:07,367 basehttp "GET /static/game/texturePlayground/shaders/fragment.js HTTP/1.1" 200 909
INFO 2024-06-27 14:24:07,367 basehttp "GET /static/game/texturePlayground/shaders/lavaShader.js HTTP/1.1" 200 1441
INFO 2024-06-27 14:24:07,367 basehttp "GET /static/game/texturePlayground/shaders/fragment.js HTTP/1.1" 200 909
INFO 2024-06-27 14:24:07,497 basehttp "GET /static/html/languages.json HTTP/1.1" 200 13823
INFO 2024-06-27 14:24:07,497 basehttp "GET /static/html/languages.json HTTP/1.1" 200 13823
INFO 2024-06-27 14:24:07,509 basehttp "GET /static/html/assets/spaceShip/scene.gltf HTTP/1.1" 200 3831
INFO 2024-06-27 14:24:07,509 basehttp "GET /static/html/assets/spaceShip/scene.gltf HTTP/1.1" 200 3831
INFO 2024-06-27 14:24:07,513 basehttp "GET /static/html/assets/blender/arena.glb HTTP/1.1" 200 39888
INFO 2024-06-27 14:24:07,513 basehttp "GET /static/html/assets/blender/arena.glb HTTP/1.1" 200 39888
INFO 2024-06-27 14:24:07,514 basehttp "GET /static/html/assets/blender/arenaRing.glb HTTP/1.1" 200 49400
INFO 2024-06-27 14:24:07,514 basehttp "GET /static/html/assets/blender/arenaRing.glb HTTP/1.1" 200 49400
INFO 2024-06-27 14:24:07,526 basehttp "GET /static/html/assets/blender/settingsPlanetRing.glb HTTP/1.1" 200 14336
INFO 2024-06-27 14:24:07,526 basehttp "GET /static/html/assets/blender/settingsPlanetRing.glb HTTP/1.1" 200 14336
INFO 2024-06-27 14:24:07,529 basehttp "GET /static/html/assets/blender/settingsPlanet.glb HTTP/1.1" 200 81204
INFO 2024-06-27 14:24:07,529 basehttp "GET /static/html/assets/blender/settingsPlanet.glb HTTP/1.1" 200 81204
INFO 2024-06-27 14:24:07,532 basehttp "GET /static/html/assets/blender/tournamentPlanet.glb HTTP/1.1" 200 104592
INFO 2024-06-27 14:24:07,532 basehttp "GET /static/html/assets/blender/tournamentPlanet.glb HTTP/1.1" 200 104592
INFO 2024-06-27 14:24:07,545 basehttp "GET /static/html/assets/blender/spaceshipInterior.glb HTTP/1.1" 200 615044
INFO 2024-06-27 14:24:07,545 basehttp "GET /static/html/assets/blender/spaceshipInterior.glb HTTP/1.1" 200 615044
INFO 2024-06-27 14:24:07,561 basehttp "GET /static/html/assets/blender/alienAnimationberet.glb HTTP/1.1" 200 1555688
INFO 2024-06-27 14:24:07,561 basehttp "GET /static/html/assets/blender/alienAnimationberet.glb HTTP/1.1" 200 1555688
INFO 2024-06-27 14:24:07,566 basehttp "GET /static/html/assets/blender/alienAnimationSombrero.glb HTTP/1.1" 200 1638308
INFO 2024-06-27 14:24:07,566 basehttp "GET /static/html/assets/blender/alienAnimationSombrero.glb HTTP/1.1" 200 1638308
INFO 2024-06-27 14:24:07,572 basehttp "GET /static/html/assets/blender/alienAnimationhat.glb HTTP/1.1" 200 1568708
INFO 2024-06-27 14:24:07,572 basehttp "GET /static/html/assets/blender/alienAnimationhat.glb HTTP/1.1" 200 1568708
INFO 2024-06-27 14:24:07,631 basehttp "GET /static/game/models/spaceShip/scene.gltf HTTP/1.1" 200 3831
INFO 2024-06-27 14:24:07,631 basehttp "GET /static/game/models/spaceShip/scene.gltf HTTP/1.1" 200 3831
INFO 2024-06-27 14:24:08,134 basehttp "GET /static/game/texturePlayground/blueSpaceMap/nz.png HTTP/1.1" 200 146810
INFO 2024-06-27 14:24:08,134 basehttp "GET /static/game/texturePlayground/blueSpaceMap/nz.png HTTP/1.1" 200 146810
INFO 2024-06-27 14:24:08,140 basehttp "GET /static/game/texturePlayground/blueSpaceMap/pz.png HTTP/1.1" 200 145215
INFO 2024-06-27 14:24:08,140 basehttp "GET /static/game/texturePlayground/blueSpaceMap/pz.png HTTP/1.1" 200 145215
INFO 2024-06-27 14:24:08,143 basehttp "GET /static/game/texturePlayground/blueSpaceMap/px.png HTTP/1.1" 200 145486
INFO 2024-06-27 14:24:08,143 basehttp "GET /static/game/texturePlayground/blueSpaceMap/px.png HTTP/1.1" 200 145486
INFO 2024-06-27 14:24:08,145 basehttp "GET /static/game/texturePlayground/blueSpaceMap/ny.png HTTP/1.1" 200 152583
INFO 2024-06-27 14:24:08,145 basehttp "GET /static/game/texturePlayground/blueSpaceMap/ny.png HTTP/1.1" 200 152583
INFO 2024-06-27 14:24:08,147 basehttp "GET /static/game/texturePlayground/blueSpaceMap/nx.png HTTP/1.1" 200 145690
INFO 2024-06-27 14:24:08,147 basehttp "GET /static/game/texturePlayground/blueSpaceMap/nx.png HTTP/1.1" 200 145690
INFO 2024-06-27 14:24:08,148 basehttp "GET /static/game/texturePlayground/blueSpaceMap/py.png HTTP/1.1" 200 143459
INFO 2024-06-27 14:24:08,148 basehttp "GET /static/game/texturePlayground/blueSpaceMap/py.png HTTP/1.1" 200 143459
INFO 2024-06-27 14:24:08,204 basehttp "GET /static/html/assets/spaceShip/textures/Material_baseColor.png HTTP/1.1" 200 436
INFO 2024-06-27 14:24:08,204 basehttp "GET /static/html/assets/spaceShip/textures/Material_baseColor.png HTTP/1.1" 200 436
INFO 2024-06-27 14:24:08,220 basehttp "GET /static/html/assets/spaceShip/scene.bin HTTP/1.1" 200 106848
INFO 2024-06-27 14:24:08,220 basehttp "GET /static/html/assets/spaceShip/scene.bin HTTP/1.1" 200 106848
INFO 2024-06-27 14:24:08,250 basehttp "GET /static/game/models/spaceShip/textures/Material_baseColor.png HTTP/1.1" 200 436
INFO 2024-06-27 14:24:08,250 basehttp "GET /static/game/models/spaceShip/textures/Material_baseColor.png HTTP/1.1" 200 436
INFO 2024-06-27 14:24:08,266 basehttp "GET /static/game/models/spaceShip/scene.bin HTTP/1.1" 200 106848
INFO 2024-06-27 14:24:08,266 basehttp "GET /static/game/models/spaceShip/scene.bin HTTP/1.1" 200 106848
DEBUG 2024-06-27 14:24:39,201 authentication Username received: caro, Host logged in: True
INFO 2024-06-27 14:24:39,702 basehttp "POST /login_page/ HTTP/1.1" 200 53
INFO 2024-06-27 14:24:39,702 basehttp "POST /login_page/ HTTP/1.1" 200 53
DEBUG 2024-06-27 14:24:46,880 authentication Username received: stef, Host logged in: True
DEBUG 2024-06-27 14:24:47,381 authentication IsHostLoggedIn: True
DEBUG 2024-06-27 14:24:47,494 authentication stef status is online is host False
INFO 2024-06-27 14:24:47,530 basehttp "POST /login_page/ HTTP/1.1" 200 146
INFO 2024-06-27 14:24:47,530 basehttp "POST /login_page/ HTTP/1.1" 200 146
DEBUG 2024-06-27 14:24:50,621 authentication Username received: stef, Host logged in: True
INFO 2024-06-27 14:24:51,155 basehttp "POST /login_page/ HTTP/1.1" 200 45
INFO 2024-06-27 14:24:51,155 basehttp "POST /login_page/ HTTP/1.1" 200 45
DEBUG 2024-06-27 14:24:51,350 authentication Username received: stef, Host logged in: True
INFO 2024-06-27 14:24:51,842 basehttp "POST /login_page/ HTTP/1.1" 200 53
INFO 2024-06-27 14:24:51,842 basehttp "POST /login_page/ HTTP/1.1" 200 53
DEBUG 2024-06-27 14:24:57,570 authentication Username received: soun, Host logged in: True
INFO 2024-06-27 14:24:58,096 basehttp "POST /login_page/ HTTP/1.1" 200 45
INFO 2024-06-27 14:24:58,096 basehttp "POST /login_page/ HTTP/1.1" 200 45
DEBUG 2024-06-27 14:24:58,287 authentication Username received: soun, Host logged in: True
DEBUG 2024-06-27 14:24:58,772 authentication IsHostLoggedIn: True
DEBUG 2024-06-27 14:24:58,840 authentication soun status is online is host False
INFO 2024-06-27 14:24:58,877 basehttp "POST /login_page/ HTTP/1.1" 200 146
INFO 2024-06-27 14:24:58,877 basehttp "POST /login_page/ HTTP/1.1" 200 146
DEBUG 2024-06-27 14:25:03,232 authentication Username received: soun, Host logged in: True
INFO 2024-06-27 14:25:03,715 basehttp "POST /login_page/ HTTP/1.1" 200 53
INFO 2024-06-27 14:25:03,715 basehttp "POST /login_page/ HTTP/1.1" 200 53
DEBUG 2024-06-27 14:25:04,219 authentication Username received: soun, Host logged in: True
INFO 2024-06-27 14:25:04,760 basehttp "POST /login_page/ HTTP/1.1" 200 53
INFO 2024-06-27 14:25:04,760 basehttp "POST /login_page/ HTTP/1.1" 200 53
INFO 2024-06-27 14:25:33,803 basehttp "POST /signup/ HTTP/1.1" 200 40
INFO 2024-06-27 14:25:33,803 basehttp "POST /signup/ HTTP/1.1" 200 40
INFO 2024-06-27 14:25:37,639 basehttp "POST /signup/ HTTP/1.1" 200 50
INFO 2024-06-27 14:25:37,639 basehttp "POST /signup/ HTTP/1.1" 200 50
DEBUG 2024-06-27 14:25:40,728 authentication Username received: stefi, Host logged in: True
DEBUG 2024-06-27 14:25:41,258 authentication IsHostLoggedIn: True
DEBUG 2024-06-27 14:25:41,307 authentication stefi status is online is host False
INFO 2024-06-27 14:25:41,344 basehttp "POST /login_page/ HTTP/1.1" 200 146
INFO 2024-06-27 14:25:41,344 basehttp "POST /login_page/ HTTP/1.1" 200 146
DEBUG 2024-06-27 14:26:16,290 authentication Username received: ca, Host logged in: True
INFO 2024-06-27 14:26:16,853 basehttp "POST /login_page/ HTTP/1.1" 200 45
INFO 2024-06-27 14:26:16,853 basehttp "POST /login_page/ HTTP/1.1" 200 45
INFO 2024-06-27 14:29:29,477 autoreload Watching for file changes with StatReloader
INFO 2024-06-27 14:29:29,477 autoreload Watching for file changes with StatReloader
INFO 2024-06-27 14:29:48,518 basehttp "GET / HTTP/1.1" 200 44888
INFO 2024-06-27 14:29:48,518 basehttp "GET / HTTP/1.1" 200 44888
INFO 2024-06-27 14:29:48,709 basehttp "GET /static/html/css/rsContainer.css HTTP/1.1" 200 1769
INFO 2024-06-27 14:29:48,709 basehttp "GET /static/html/css/rsContainer.css HTTP/1.1" 200 1769
INFO 2024-06-27 14:29:48,724 basehttp "GET /static/html/css/planetPage.css HTTP/1.1" 200 2945
INFO 2024-06-27 14:29:48,724 basehttp "GET /static/html/css/planetPage.css HTTP/1.1" 200 2945
INFO 2024-06-27 14:29:48,725 basehttp "GET /static/html/css/loginPage.css HTTP/1.1" 200 5150
INFO 2024-06-27 14:29:48,725 basehttp "GET /static/html/css/loginPage.css HTTP/1.1" 200 5150
INFO 2024-06-27 14:29:48,728 basehttp "GET /static/html/css/lsContainer.css HTTP/1.1" 200 446
INFO 2024-06-27 14:29:48,728 basehttp "GET /static/html/css/lsContainer.css HTTP/1.1" 200 446
INFO 2024-06-27 14:29:48,729 basehttp "GET /static/html/css/escapePage.css HTTP/1.1" 200 3405
INFO 2024-06-27 14:29:48,729 basehttp "GET /static/html/css/escapePage.css HTTP/1.1" 200 3405
INFO 2024-06-27 14:29:48,738 basehttp "GET /static/html/css/arenaPage.css HTTP/1.1" 200 5785
INFO 2024-06-27 14:29:48,741 basehttp "GET /static/html/css/SignUpPage.css HTTP/1.1" 200 3195
INFO 2024-06-27 14:29:48,741 basehttp "GET /static/html/css/SignUpPage.css HTTP/1.1" 200 3195
INFO 2024-06-27 14:29:48,742 basehttp "GET /static/html/css/userPage.css HTTP/1.1" 200 10816
INFO 2024-06-27 14:29:48,738 basehttp "GET /static/html/css/arenaPage.css HTTP/1.1" 200 5785
INFO 2024-06-27 14:29:48,728 basehttp "GET /static/html/css/style.css HTTP/1.1" 200 1650
INFO 2024-06-27 14:29:48,742 basehttp "GET /static/html/css/userPage.css HTTP/1.1" 200 10816
INFO 2024-06-27 14:29:48,755 basehttp "GET /static/html/css/tiles.css HTTP/1.1" 200 3795
INFO 2024-06-27 14:29:48,756 basehttp "GET /static/html/css/rgpdPage.css HTTP/1.1" 200 1579
INFO 2024-06-27 14:29:48,728 basehttp "GET /static/html/css/style.css HTTP/1.1" 200 1650
INFO 2024-06-27 14:29:48,759 basehttp "GET /static/game/style/style.css HTTP/1.1" 200 6606
INFO 2024-06-27 14:29:48,755 basehttp "GET /static/html/css/tiles.css HTTP/1.1" 200 3795
INFO 2024-06-27 14:29:48,756 basehttp "GET /static/html/css/rgpdPage.css HTTP/1.1" 200 1579
INFO 2024-06-27 14:29:48,759 basehttp "GET /static/game/style/style.css HTTP/1.1" 200 6606
INFO 2024-06-27 14:29:48,765 basehttp "GET /static/tournament/css/bracket.css HTTP/1.1" 200 2948
INFO 2024-06-27 14:29:48,765 basehttp "GET /static/tournament/css/style.css HTTP/1.1" 200 7588
INFO 2024-06-27 14:29:48,765 basehttp "GET /static/tournament/css/bracket.css HTTP/1.1" 200 2948
INFO 2024-06-27 14:29:48,773 basehttp "GET /static/html/js/main.js HTTP/1.1" 200 20588
INFO 2024-06-27 14:29:48,765 basehttp "GET /static/tournament/css/style.css HTTP/1.1" 200 7588
INFO 2024-06-27 14:29:48,774 basehttp "GET /static/html/css/modifyPage.css HTTP/1.1" 200 6363
INFO 2024-06-27 14:29:48,774 basehttp "GET /static/html/css/modifyPage.css HTTP/1.1" 200 6363
INFO 2024-06-27 14:29:48,773 basehttp "GET /static/html/js/main.js HTTP/1.1" 200 20588
INFO 2024-06-27 14:29:48,785 basehttp "GET /static/html/js/loginPage.js HTTP/1.1" 200 15288
INFO 2024-06-27 14:29:48,785 basehttp "GET /static/html/js/loginPage.js HTTP/1.1" 200 15288
INFO 2024-06-27 14:29:48,791 basehttp "GET /static/html/js/arenaPage.js HTTP/1.1" 200 23386
INFO 2024-06-27 14:29:48,791 basehttp "GET /static/html/js/userPage.js HTTP/1.1" 200 17743
INFO 2024-06-27 14:29:48,795 basehttp "GET /static/html/js/translatePages.js HTTP/1.1" 200 10912
INFO 2024-06-27 14:29:48,795 basehttp "GET /static/html/js/translatePages.js HTTP/1.1" 200 10912
INFO 2024-06-27 14:29:48,791 basehttp "GET /static/html/js/userPage.js HTTP/1.1" 200 17743
INFO 2024-06-27 14:29:48,791 basehttp "GET /static/html/js/arenaPage.js HTTP/1.1" 200 23386
INFO 2024-06-27 14:29:48,798 basehttp "GET /static/html/js/stats.js HTTP/1.1" 200 5040
INFO 2024-06-27 14:29:48,798 basehttp "GET /static/html/js/stats.js HTTP/1.1" 200 5040
INFO 2024-06-27 14:29:48,799 basehttp "GET /static/html/js/modifyPage.js HTTP/1.1" 200 4470
INFO 2024-06-27 14:29:48,799 basehttp "GET /static/html/js/modifyPage.js HTTP/1.1" 200 4470
INFO 2024-06-27 14:29:48,806 basehttp "GET /static/tournament/js/gameData.js HTTP/1.1" 200 1830
INFO 2024-06-27 14:29:48,806 basehttp "GET /static/tournament/js/gameData.js HTTP/1.1" 200 1830
INFO 2024-06-27 14:29:48,818 basehttp "GET /static/html/assets/fonts/SPACE.ttf HTTP/1.1" 200 112700
INFO 2024-06-27 14:29:48,818 basehttp "GET /static/html/assets/fonts/DS-DIGI.TTF HTTP/1.1" 200 22696
INFO 2024-06-27 14:29:48,818 basehttp "GET /static/html/assets/fonts/DS-DIGI.TTF HTTP/1.1" 200 22696
INFO 2024-06-27 14:29:48,818 basehttp "GET /static/html/assets/fonts/SPACE.ttf HTTP/1.1" 200 112700
INFO 2024-06-27 14:29:48,825 basehttp "GET /static/game/js/main.js HTTP/1.1" 200 162325
INFO 2024-06-27 14:29:48,825 basehttp "GET /static/game/js/main.js HTTP/1.1" 200 162325
INFO 2024-06-27 14:29:48,829 basehttp "GET /static/tournament/js/bracket.js HTTP/1.1" 200 14363
INFO 2024-06-27 14:29:48,829 basehttp "GET /static/tournament/js/newTournament.js HTTP/1.1" 200 21481
INFO 2024-06-27 14:29:48,829 basehttp "GET /static/tournament/js/newTournament.js HTTP/1.1" 200 21481
INFO 2024-06-27 14:29:48,829 basehttp "GET /static/tournament/js/bracket.js HTTP/1.1" 200 14363
INFO 2024-06-27 14:29:48,830 basehttp "GET /static/game/assets/cursor/gun.cur HTTP/1.1" 200 11294
INFO 2024-06-27 14:29:48,830 basehttp "GET /static/game/assets/cursor/gun.cur HTTP/1.1" 200 11294
INFO 2024-06-27 14:29:48,846 basehttp "GET /static/game/assets/cursor/pointer.cur HTTP/1.1" 200 9662
INFO 2024-06-27 14:29:48,846 basehttp "GET /static/game/assets/cursor/pointer.cur HTTP/1.1" 200 9662
INFO 2024-06-27 14:29:48,848 basehttp "GET /static/html/assets/icons/pencil.png HTTP/1.1" 200 20681
INFO 2024-06-27 14:29:48,848 basehttp "GET /static/html/assets/icons/pencil.png HTTP/1.1" 200 20681
INFO 2024-06-27 14:29:48,850 basehttp "GET /static/game/assets/scoreUI.png HTTP/1.1" 200 12897
INFO 2024-06-27 14:29:48,850 basehttp "GET /static/game/assets/scoreUI.png HTTP/1.1" 200 12897
INFO 2024-06-27 14:29:48,851 basehttp "GET /static/html/assets/icons/doubleArrow2.png HTTP/1.1" 200 19956
INFO 2024-06-27 14:29:48,851 basehttp "GET /static/html/assets/icons/doubleArrow2.png HTTP/1.1" 200 19956
INFO 2024-06-27 14:29:48,851 basehttp "GET /static/html/assets/icons/plus.png HTTP/1.1" 200 14421
INFO 2024-06-27 14:29:48,851 basehttp "GET /static/html/assets/icons/plus.png HTTP/1.1" 200 14421
INFO 2024-06-27 14:29:48,857 basehttp "GET /static/html/assets/icons/spaceshipIcon.png HTTP/1.1" 200 9548
INFO 2024-06-27 14:29:48,857 basehttp "GET /static/html/assets/icons/spaceshipIcon.png HTTP/1.1" 200 9548
INFO 2024-06-27 14:29:48,859 basehttp "GET /static/html/assets/icons/frame.png HTTP/1.1" 200 11634
INFO 2024-06-27 14:29:48,859 basehttp "GET /static/html/assets/icons/redCross.svg HTTP/1.1" 200 2219
INFO 2024-06-27 14:29:48,859 basehttp "GET /static/html/assets/icons/frame.png HTTP/1.1" 200 11634
INFO 2024-06-27 14:29:48,859 basehttp "GET /static/html/assets/icons/redCross.svg HTTP/1.1" 200 2219
INFO 2024-06-27 14:29:48,865 basehttp "GET /static/html/assets/icons/info.png HTTP/1.1" 200 787
INFO 2024-06-27 14:29:48,865 basehttp "GET /static/html/assets/icons/info.png HTTP/1.1" 200 787
INFO 2024-06-27 14:29:48,867 basehttp "GET /static/html/assets/icons/checkMark.png HTTP/1.1" 200 41074
INFO 2024-06-27 14:29:48,867 basehttp "GET /static/html/assets/icons/checkMark.png HTTP/1.1" 200 41074
INFO 2024-06-27 14:29:48,873 basehttp "GET /static/html/assets/icons/ES_NU.png HTTP/1.1" 200 3873
INFO 2024-06-27 14:29:48,873 basehttp "GET /static/html/assets/icons/ES_NU.png HTTP/1.1" 200 3873
INFO 2024-06-27 14:29:48,881 basehttp "GET /static/html/assets/icons/BR_NU.png HTTP/1.1" 200 2798
INFO 2024-06-27 14:29:48,881 basehttp "GET /static/html/assets/icons/BR_NU.png HTTP/1.1" 200 2798
INFO 2024-06-27 14:29:48,890 basehttp "GET /static/html/assets/icons/FR_NU.png HTTP/1.1" 200 344
INFO 2024-06-27 14:29:48,890 basehttp "GET /static/html/assets/icons/FR_NU.png HTTP/1.1" 200 344
INFO 2024-06-27 14:29:48,899 basehttp "GET /static/html/assets/icons/mexicanAlienWhite.png HTTP/1.1" 200 21849
INFO 2024-06-27 14:29:48,899 basehttp "GET /static/html/assets/icons/mexicanAlienWhite.png HTTP/1.1" 200 21849
INFO 2024-06-27 14:29:48,900 basehttp "GET /static/html/assets/icons/frenchAlienWhite.png HTTP/1.1" 200 16652
INFO 2024-06-27 14:29:48,900 basehttp "GET /static/html/assets/icons/frenchAlienWhite.png HTTP/1.1" 200 16652
INFO 2024-06-27 14:29:48,907 basehttp "GET /static/html/assets/icons/englishAlienWhite.png HTTP/1.1" 200 21998
INFO 2024-06-27 14:29:48,907 basehttp "GET /static/html/assets/icons/englishAlienWhite.png HTTP/1.1" 200 21998
INFO 2024-06-27 14:29:48,912 basehttp "GET /static/game/assets/cursor/default.cur HTTP/1.1" 200 9662
INFO 2024-06-27 14:29:48,912 basehttp "GET /static/game/assets/cursor/default.cur HTTP/1.1" 200 9662
INFO 2024-06-27 14:29:49,413 basehttp "GET /static/html/js/objs.js HTTP/1.1" 200 6475
INFO 2024-06-27 14:29:49,413 basehttp "GET /static/html/js/objs.js HTTP/1.1" 200 6475
INFO 2024-06-27 14:29:49,414 basehttp "GET /static/html/js/showPages.js HTTP/1.1" 200 1105
INFO 2024-06-27 14:29:49,414 basehttp "GET /static/html/js/showPages.js HTTP/1.1" 200 1105
INFO 2024-06-27 14:29:49,425 basehttp "GET /static/html/js/planets.js HTTP/1.1" 200 3573
INFO 2024-06-27 14:29:49,428 basehttp "GET /static/html/js/planetIntersection.js HTTP/1.1" 200 3749
INFO 2024-06-27 14:29:49,428 basehttp "GET /static/html/js/planetIntersection.js HTTP/1.1" 200 3749
INFO 2024-06-27 14:29:49,425 basehttp "GET /static/html/js/planets.js HTTP/1.1" 200 3573
INFO 2024-06-27 14:29:49,433 basehttp "GET /static/html/js/movement.js HTTP/1.1" 200 6696
INFO 2024-06-27 14:29:49,433 basehttp "GET /static/html/js/movement.js HTTP/1.1" 200 6696
INFO 2024-06-27 14:29:49,439 basehttp "GET /static/html/js/enterPlanet.js HTTP/1.1" 200 4750
INFO 2024-06-27 14:29:49,439 basehttp "GET /static/html/js/enterPlanet.js HTTP/1.1" 200 4750
INFO 2024-06-27 14:29:49,439 basehttp "GET /static/html/js/userManagement.js HTTP/1.1" 200 7822
INFO 2024-06-27 14:29:49,439 basehttp "GET /static/html/js/signUpPage.js HTTP/1.1" 200 3499
INFO 2024-06-27 14:29:49,439 basehttp "GET /static/html/js/userManagement.js HTTP/1.1" 200 7822
INFO 2024-06-27 14:29:49,439 basehttp "GET /static/html/js/signUpPage.js HTTP/1.1" 200 3499
INFO 2024-06-27 14:29:49,447 basehttp "GET /static/game/texturePlayground/shaders/fragment.js HTTP/1.1" 200 909
INFO 2024-06-27 14:29:49,447 basehttp "GET /static/game/texturePlayground/shaders/fragment.js HTTP/1.1" 200 909
INFO 2024-06-27 14:29:49,447 basehttp "GET /static/game/texturePlayground/shaders/vertex.js HTTP/1.1" 200 7946
INFO 2024-06-27 14:29:49,447 basehttp "GET /static/game/texturePlayground/shaders/vertex.js HTTP/1.1" 200 7946
INFO 2024-06-27 14:29:49,451 basehttp "GET /static/game/texturePlayground/shaders/lavaShader.js HTTP/1.1" 200 1441
INFO 2024-06-27 14:29:49,451 basehttp "GET /static/game/texturePlayground/shaders/lavaShader.js HTTP/1.1" 200 1441
INFO 2024-06-27 14:29:49,581 basehttp "GET /static/html/languages.json HTTP/1.1" 200 13823
INFO 2024-06-27 14:29:49,581 basehttp "GET /static/html/languages.json HTTP/1.1" 200 13823
INFO 2024-06-27 14:29:49,592 basehttp "GET /static/html/assets/spaceShip/scene.gltf HTTP/1.1" 200 3831
INFO 2024-06-27 14:29:49,592 basehttp "GET /static/html/assets/spaceShip/scene.gltf HTTP/1.1" 200 3831
INFO 2024-06-27 14:29:49,595 basehttp "GET /static/html/assets/blender/arena.glb HTTP/1.1" 200 39888
INFO 2024-06-27 14:29:49,595 basehttp "GET /static/html/assets/blender/arena.glb HTTP/1.1" 200 39888
INFO 2024-06-27 14:29:49,606 basehttp "GET /static/html/assets/blender/arenaRing.glb HTTP/1.1" 200 49400
INFO 2024-06-27 14:29:49,606 basehttp "GET /static/html/assets/blender/arenaRing.glb HTTP/1.1" 200 49400
INFO 2024-06-27 14:29:49,607 basehttp "GET /static/html/assets/blender/settingsPlanet.glb HTTP/1.1" 200 81204
INFO 2024-06-27 14:29:49,607 basehttp "GET /static/html/assets/blender/settingsPlanet.glb HTTP/1.1" 200 81204
INFO 2024-06-27 14:29:49,612 basehttp "GET /static/html/assets/blender/settingsPlanetRing.glb HTTP/1.1" 200 14336
INFO 2024-06-27 14:29:49,612 basehttp "GET /static/html/assets/blender/settingsPlanetRing.glb HTTP/1.1" 200 14336
INFO 2024-06-27 14:29:49,621 basehttp "GET /static/html/assets/blender/tournamentPlanet.glb HTTP/1.1" 200 104592
INFO 2024-06-27 14:29:49,621 basehttp "GET /static/html/assets/blender/tournamentPlanet.glb HTTP/1.1" 200 104592
INFO 2024-06-27 14:29:49,629 basehttp "GET /static/html/assets/blender/spaceshipInterior.glb HTTP/1.1" 200 615044
INFO 2024-06-27 14:29:49,629 basehttp "GET /static/html/assets/blender/spaceshipInterior.glb HTTP/1.1" 200 615044
INFO 2024-06-27 14:29:49,653 basehttp "GET /static/html/assets/blender/alienAnimationhat.glb HTTP/1.1" 200 1568708
INFO 2024-06-27 14:29:49,653 basehttp "GET /static/html/assets/blender/alienAnimationhat.glb HTTP/1.1" 200 1568708
INFO 2024-06-27 14:29:49,654 basehttp "GET /static/html/assets/blender/alienAnimationberet.glb HTTP/1.1" 200 1555688
INFO 2024-06-27 14:29:49,654 basehttp "GET /static/html/assets/blender/alienAnimationberet.glb HTTP/1.1" 200 1555688
INFO 2024-06-27 14:29:49,655 basehttp "GET /static/html/assets/blender/alienAnimationSombrero.glb HTTP/1.1" 200 1638308
INFO 2024-06-27 14:29:49,655 basehttp "GET /static/html/assets/blender/alienAnimationSombrero.glb HTTP/1.1" 200 1638308
INFO 2024-06-27 14:29:49,699 basehttp "GET /static/game/models/spaceShip/scene.gltf HTTP/1.1" 200 3831
INFO 2024-06-27 14:29:49,699 basehttp "GET /static/game/models/spaceShip/scene.gltf HTTP/1.1" 200 3831
INFO 2024-06-27 14:29:50,129 basehttp "GET /static/game/texturePlayground/blueSpaceMap/ny.png HTTP/1.1" 200 152583
INFO 2024-06-27 14:29:50,129 basehttp "GET /static/game/texturePlayground/blueSpaceMap/ny.png HTTP/1.1" 200 152583
INFO 2024-06-27 14:29:50,133 basehttp "GET /static/game/texturePlayground/blueSpaceMap/nz.png HTTP/1.1" 200 146810
INFO 2024-06-27 14:29:50,133 basehttp "GET /static/game/texturePlayground/blueSpaceMap/nz.png HTTP/1.1" 200 146810
INFO 2024-06-27 14:29:50,135 basehttp "GET /static/game/texturePlayground/blueSpaceMap/pz.png HTTP/1.1" 200 145215
INFO 2024-06-27 14:29:50,135 basehttp "GET /static/game/texturePlayground/blueSpaceMap/pz.png HTTP/1.1" 200 145215
INFO 2024-06-27 14:29:50,137 basehttp "GET /static/game/texturePlayground/blueSpaceMap/py.png HTTP/1.1" 200 143459
INFO 2024-06-27 14:29:50,137 basehttp "GET /static/game/texturePlayground/blueSpaceMap/py.png HTTP/1.1" 200 143459
INFO 2024-06-27 14:29:50,139 basehttp "GET /static/game/texturePlayground/blueSpaceMap/px.png HTTP/1.1" 200 145486
INFO 2024-06-27 14:29:50,139 basehttp "GET /static/game/texturePlayground/blueSpaceMap/px.png HTTP/1.1" 200 145486
INFO 2024-06-27 14:29:50,140 basehttp "GET /static/game/texturePlayground/blueSpaceMap/nx.png HTTP/1.1" 200 145690
INFO 2024-06-27 14:29:50,140 basehttp "GET /static/game/texturePlayground/blueSpaceMap/nx.png HTTP/1.1" 200 145690
INFO 2024-06-27 14:29:50,184 basehttp "GET /static/html/assets/spaceShip/textures/Material_baseColor.png HTTP/1.1" 200 436
INFO 2024-06-27 14:29:50,184 basehttp "GET /static/html/assets/spaceShip/textures/Material_baseColor.png HTTP/1.1" 200 436
INFO 2024-06-27 14:29:50,223 basehttp "GET /static/html/assets/spaceShip/scene.bin HTTP/1.1" 200 106848
INFO 2024-06-27 14:29:50,223 basehttp "GET /static/html/assets/spaceShip/scene.bin HTTP/1.1" 200 106848
INFO 2024-06-27 14:29:50,241 basehttp "GET /static/game/models/spaceShip/textures/Material_baseColor.png HTTP/1.1" 200 436
INFO 2024-06-27 14:29:50,241 basehttp "GET /static/game/models/spaceShip/textures/Material_baseColor.png HTTP/1.1" 200 436
INFO 2024-06-27 14:29:50,282 basehttp "GET /static/game/models/spaceShip/scene.bin HTTP/1.1" 200 106848
INFO 2024-06-27 14:29:50,282 basehttp "GET /static/game/models/spaceShip/scene.bin HTTP/1.1" 200 106848
INFO 2024-06-27 14:29:58,070 basehttp "POST /signup/ HTTP/1.1" 200 50
INFO 2024-06-27 14:29:58,070 basehttp "POST /signup/ HTTP/1.1" 200 50
DEBUG 2024-06-27 14:30:01,594 authentication Username received: caro, Host logged in: True
DEBUG 2024-06-27 14:30:02,115 authentication IsHostLoggedIn: True
DEBUG 2024-06-27 14:30:02,192 authentication caro status is online is host False
INFO 2024-06-27 14:30:02,229 basehttp "POST /login_page/ HTTP/1.1" 200 146
INFO 2024-06-27 14:30:02,229 basehttp "POST /login_page/ HTTP/1.1" 200 146
DEBUG 2024-06-27 14:30:07,316 authentication Username received: caro, Host logged in: True
INFO 2024-06-27 14:30:07,847 basehttp "POST /login_page/ HTTP/1.1" 200 53
INFO 2024-06-27 14:30:07,847 basehttp "POST /login_page/ HTTP/1.1" 200 53
INFO 2024-06-27 14:33:23,920 basehttp "GET / HTTP/1.1" 200 44888
INFO 2024-06-27 14:33:23,920 basehttp "GET / HTTP/1.1" 200 44888
INFO 2024-06-27 14:33:24,034 basehttp "GET /static/html/css/escapePage.css HTTP/1.1" 200 3405
INFO 2024-06-27 14:33:24,035 basehttp "GET /static/html/css/loginPage.css HTTP/1.1" 200 5150
INFO 2024-06-27 14:33:24,035 basehttp "GET /static/html/css/loginPage.css HTTP/1.1" 200 5150
INFO 2024-06-27 14:33:24,035 basehttp "GET /static/html/css/planetPage.css HTTP/1.1" 200 2945
INFO 2024-06-27 14:33:24,035 basehttp "GET /static/html/css/style.css HTTP/1.1" 200 1650
INFO 2024-06-27 14:33:24,035 basehttp "GET /static/html/css/style.css HTTP/1.1" 200 1650
INFO 2024-06-27 14:33:24,035 basehttp "GET /static/html/css/rsContainer.css HTTP/1.1" 200 1769
INFO 2024-06-27 14:33:24,035 basehttp "GET /static/html/css/rsContainer.css HTTP/1.1" 200 1769
INFO 2024-06-27 14:33:24,035 basehttp "GET /static/html/css/planetPage.css HTTP/1.1" 200 2945
INFO 2024-06-27 14:33:24,034 basehttp "GET /static/html/css/escapePage.css HTTP/1.1" 200 3405
INFO 2024-06-27 14:33:24,035 basehttp "GET /static/html/css/lsContainer.css HTTP/1.1" 200 446
INFO 2024-06-27 14:33:24,035 basehttp "GET /static/html/css/lsContainer.css HTTP/1.1" 200 446
INFO 2024-06-27 14:33:24,060 basehttp "GET /static/html/css/tiles.css HTTP/1.1" 200 3795
INFO 2024-06-27 14:33:24,060 basehttp "GET /static/html/css/modifyPage.css HTTP/1.1" 200 6363
INFO 2024-06-27 14:33:24,060 basehttp "GET /static/html/css/tiles.css HTTP/1.1" 200 3795
INFO 2024-06-27 14:33:24,060 basehttp "GET /static/html/css/arenaPage.css HTTP/1.1" 200 5785
INFO 2024-06-27 14:33:24,060 basehttp "GET /static/html/css/arenaPage.css HTTP/1.1" 200 5785
INFO 2024-06-27 14:33:24,060 basehttp "GET /static/html/css/modifyPage.css HTTP/1.1" 200 6363
INFO 2024-06-27 14:33:24,061 basehttp "GET /static/html/css/rgpdPage.css HTTP/1.1" 200 1579
INFO 2024-06-27 14:33:24,061 basehttp "GET /static/html/css/rgpdPage.css HTTP/1.1" 200 1579
INFO 2024-06-27 14:33:24,061 basehttp "GET /static/html/css/SignUpPage.css HTTP/1.1" 200 3195
INFO 2024-06-27 14:33:24,061 basehttp "GET /static/html/css/SignUpPage.css HTTP/1.1" 200 3195
INFO 2024-06-27 14:33:24,061 basehttp "GET /static/html/css/userPage.css HTTP/1.1" 200 10816
INFO 2024-06-27 14:33:24,061 basehttp "GET /static/html/css/userPage.css HTTP/1.1" 200 10816
INFO 2024-06-27 14:33:24,084 basehttp "GET /static/game/style/style.css HTTP/1.1" 200 6606
INFO 2024-06-27 14:33:24,085 basehttp "GET /static/tournament/css/style.css HTTP/1.1" 200 7588
INFO 2024-06-27 14:33:24,084 basehttp "GET /static/game/style/style.css HTTP/1.1" 200 6606
INFO 2024-06-27 14:33:24,085 basehttp "GET /static/tournament/css/bracket.css HTTP/1.1" 200 2948
INFO 2024-06-27 14:33:24,086 basehttp "GET /static/html/js/main.js HTTP/1.1" 200 20588
INFO 2024-06-27 14:33:24,086 basehttp "GET /static/html/js/main.js HTTP/1.1" 200 20588
INFO 2024-06-27 14:33:24,089 basehttp "GET /static/html/js/loginPage.js HTTP/1.1" 200 15325
INFO 2024-06-27 14:33:24,085 basehttp "GET /static/tournament/css/bracket.css HTTP/1.1" 200 2948
INFO 2024-06-27 14:33:24,085 basehttp "GET /static/tournament/css/style.css HTTP/1.1" 200 7588
INFO 2024-06-27 14:33:24,089 basehttp "GET /static/html/js/loginPage.js HTTP/1.1" 200 15325
INFO 2024-06-27 14:33:24,095 basehttp "GET /static/html/js/arenaPage.js HTTP/1.1" 200 23386
INFO 2024-06-27 14:33:24,095 basehttp "GET /static/html/js/arenaPage.js HTTP/1.1" 200 23386
INFO 2024-06-27 14:33:24,112 basehttp "GET /static/html/js/modifyPage.js HTTP/1.1" 200 4470
INFO 2024-06-27 14:33:24,112 basehttp "GET /static/html/js/modifyPage.js HTTP/1.1" 200 4470
INFO 2024-06-27 14:33:24,112 basehttp "GET /static/html/js/translatePages.js HTTP/1.1" 200 10912
INFO 2024-06-27 14:33:24,112 basehttp "GET /static/html/js/translatePages.js HTTP/1.1" 200 10912
INFO 2024-06-27 14:33:24,113 basehttp "GET /static/html/js/userPage.js HTTP/1.1" 200 17743
INFO 2024-06-27 14:33:24,113 basehttp "GET /static/html/js/userPage.js HTTP/1.1" 200 17743
INFO 2024-06-27 14:33:24,114 basehttp "GET /static/html/js/stats.js HTTP/1.1" 200 5040
INFO 2024-06-27 14:33:24,114 basehttp "GET /static/html/js/stats.js HTTP/1.1" 200 5040
INFO 2024-06-27 14:33:24,116 basehttp "GET /static/game/js/main.js HTTP/1.1" 200 162325
INFO 2024-06-27 14:33:24,116 basehttp "GET /static/game/js/main.js HTTP/1.1" 200 162325
INFO 2024-06-27 14:33:24,122 basehttp "GET /static/tournament/js/gameData.js HTTP/1.1" 200 1830
INFO 2024-06-27 14:33:24,122 basehttp "GET /static/tournament/js/gameData.js HTTP/1.1" 200 1830
INFO 2024-06-27 14:33:24,127 basehttp "GET /static/tournament/js/newTournament.js HTTP/1.1" 200 21481
INFO 2024-06-27 14:33:24,127 basehttp "GET /static/tournament/js/newTournament.js HTTP/1.1" 200 21481
INFO 2024-06-27 14:33:24,128 basehttp "GET /static/html/assets/fonts/SPACE.ttf HTTP/1.1" 200 112700
INFO 2024-06-27 14:33:24,128 basehttp "GET /static/html/assets/fonts/SPACE.ttf HTTP/1.1" 200 112700
INFO 2024-06-27 14:33:24,132 basehttp "GET /static/html/assets/fonts/DS-DIGI.TTF HTTP/1.1" 200 22696
INFO 2024-06-27 14:33:24,132 basehttp "GET /static/html/assets/fonts/DS-DIGI.TTF HTTP/1.1" 200 22696
INFO 2024-06-27 14:33:24,138 basehttp "GET /static/html/assets/icons/info.png HTTP/1.1" 200 787
INFO 2024-06-27 14:33:24,138 basehttp "GET /static/html/assets/icons/info.png HTTP/1.1" 200 787
INFO 2024-06-27 14:33:24,139 basehttp "GET /static/tournament/js/bracket.js HTTP/1.1" 200 14363
INFO 2024-06-27 14:33:24,139 basehttp "GET /static/tournament/js/bracket.js HTTP/1.1" 200 14363
INFO 2024-06-27 14:33:24,143 basehttp "GET /static/html/assets/icons/frame.png HTTP/1.1" 200 11634
INFO 2024-06-27 14:33:24,143 basehttp "GET /static/html/assets/icons/frame.png HTTP/1.1" 200 11634
INFO 2024-06-27 14:33:24,146 basehttp "GET /static/html/assets/icons/doubleArrow2.png HTTP/1.1" 200 19956
INFO 2024-06-27 14:33:24,146 basehttp "GET /static/html/assets/icons/doubleArrow2.png HTTP/1.1" 200 19956
INFO 2024-06-27 14:33:24,150 basehttp "GET /static/html/assets/icons/redCross.svg HTTP/1.1" 200 2219
INFO 2024-06-27 14:33:24,150 basehttp "GET /static/html/assets/icons/redCross.svg HTTP/1.1" 200 2219
INFO 2024-06-27 14:33:24,154 basehttp "GET /static/game/assets/cursor/gun.cur HTTP/1.1" 200 11294
INFO 2024-06-27 14:33:24,154 basehttp "GET /static/game/assets/cursor/gun.cur HTTP/1.1" 200 11294
INFO 2024-06-27 14:33:24,158 basehttp "GET /static/game/assets/cursor/pointer.cur HTTP/1.1" 200 9662
INFO 2024-06-27 14:33:24,158 basehttp "GET /static/game/assets/cursor/pointer.cur HTTP/1.1" 200 9662
INFO 2024-06-27 14:33:24,166 basehttp "GET /static/html/assets/icons/ES_NU.png HTTP/1.1" 200 3873
INFO 2024-06-27 14:33:24,166 basehttp "GET /static/html/assets/icons/ES_NU.png HTTP/1.1" 200 3873
INFO 2024-06-27 14:33:24,167 basehttp "GET /static/html/assets/icons/plus.png HTTP/1.1" 200 14421
INFO 2024-06-27 14:33:24,167 basehttp "GET /static/html/assets/icons/plus.png HTTP/1.1" 200 14421
INFO 2024-06-27 14:33:24,168 basehttp "GET /static/game/assets/scoreUI.png HTTP/1.1" 200 12897
INFO 2024-06-27 14:33:24,168 basehttp "GET /static/game/assets/scoreUI.png HTTP/1.1" 200 12897
INFO 2024-06-27 14:33:24,169 basehttp "GET /static/html/assets/icons/pencil.png HTTP/1.1" 200 20681
INFO 2024-06-27 14:33:24,169 basehttp "GET /static/html/assets/icons/pencil.png HTTP/1.1" 200 20681
INFO 2024-06-27 14:33:24,180 basehttp "GET /static/html/assets/icons/spaceshipIcon.png HTTP/1.1" 200 9548
INFO 2024-06-27 14:33:24,180 basehttp "GET /static/html/assets/icons/spaceshipIcon.png HTTP/1.1" 200 9548
INFO 2024-06-27 14:33:24,182 basehttp "GET /static/html/assets/icons/FR_NU.png HTTP/1.1" 200 344
INFO 2024-06-27 14:33:24,182 basehttp "GET /static/html/assets/icons/FR_NU.png HTTP/1.1" 200 344
INFO 2024-06-27 14:33:24,183 basehttp "GET /static/html/assets/icons/BR_NU.png HTTP/1.1" 200 2798
INFO 2024-06-27 14:33:24,183 basehttp "GET /static/html/assets/icons/BR_NU.png HTTP/1.1" 200 2798
INFO 2024-06-27 14:33:24,187 basehttp "GET /static/html/assets/icons/checkMark.png HTTP/1.1" 200 41074
INFO 2024-06-27 14:33:24,187 basehttp "GET /static/html/assets/icons/checkMark.png HTTP/1.1" 200 41074
INFO 2024-06-27 14:33:24,195 basehttp "GET /static/html/assets/icons/frenchAlienWhite.png HTTP/1.1" 200 16652
INFO 2024-06-27 14:33:24,195 basehttp "GET /static/html/assets/icons/frenchAlienWhite.png HTTP/1.1" 200 16652
INFO 2024-06-27 14:33:24,197 basehttp "GET /static/html/assets/icons/mexicanAlienWhite.png HTTP/1.1" 200 21849
INFO 2024-06-27 14:33:24,197 basehttp "GET /static/html/assets/icons/mexicanAlienWhite.png HTTP/1.1" 200 21849
INFO 2024-06-27 14:33:24,216 basehttp "GET /static/html/assets/icons/englishAlienWhite.png HTTP/1.1" 200 21998
INFO 2024-06-27 14:33:24,216 basehttp "GET /static/html/assets/icons/englishAlienWhite.png HTTP/1.1" 200 21998
INFO 2024-06-27 14:33:24,225 basehttp "GET /static/game/assets/cursor/default.cur HTTP/1.1" 200 9662
INFO 2024-06-27 14:33:24,225 basehttp "GET /static/game/assets/cursor/default.cur HTTP/1.1" 200 9662
INFO 2024-06-27 14:33:24,909 basehttp "GET /static/html/js/showPages.js HTTP/1.1" 200 1105
INFO 2024-06-27 14:33:24,909 basehttp "GET /static/html/js/showPages.js HTTP/1.1" 200 1105
INFO 2024-06-27 14:33:24,922 basehttp "GET /static/html/js/objs.js HTTP/1.1" 200 6475
INFO 2024-06-27 14:33:24,922 basehttp "GET /static/html/js/objs.js HTTP/1.1" 200 6475
INFO 2024-06-27 14:33:24,927 basehttp "GET /static/html/js/planets.js HTTP/1.1" 200 3573
INFO 2024-06-27 14:33:24,927 basehttp "GET /static/html/js/signUpPage.js HTTP/1.1" 200 3499
INFO 2024-06-27 14:33:24,927 basehttp "GET /static/html/js/planets.js HTTP/1.1" 200 3573
INFO 2024-06-27 14:33:24,928 basehttp "GET /static/html/js/planetIntersection.js HTTP/1.1" 200 3749
INFO 2024-06-27 14:33:24,927 basehttp "GET /static/html/js/signUpPage.js HTTP/1.1" 200 3499
INFO 2024-06-27 14:33:24,928 basehttp "GET /static/html/js/movement.js HTTP/1.1" 200 6696
INFO 2024-06-27 14:33:24,928 basehttp "GET /static/html/js/planetIntersection.js HTTP/1.1" 200 3749
INFO 2024-06-27 14:33:24,931 basehttp "GET /static/html/js/enterPlanet.js HTTP/1.1" 200 4750
INFO 2024-06-27 14:33:24,931 basehttp "GET /static/html/js/enterPlanet.js HTTP/1.1" 200 4750
INFO 2024-06-27 14:33:24,931 basehttp "GET /static/html/js/userManagement.js HTTP/1.1" 200 7822
INFO 2024-06-27 14:33:24,931 basehttp "GET /static/html/js/userManagement.js HTTP/1.1" 200 7822
INFO 2024-06-27 14:33:24,932 basehttp "GET /static/game/texturePlayground/shaders/vertex.js HTTP/1.1" 200 7946
INFO 2024-06-27 14:33:24,928 basehttp "GET /static/html/js/movement.js HTTP/1.1" 200 6696
INFO 2024-06-27 14:33:24,932 basehttp "GET /static/game/texturePlayground/shaders/vertex.js HTTP/1.1" 200 7946
INFO 2024-06-27 14:33:24,941 basehttp "GET /static/game/texturePlayground/shaders/fragment.js HTTP/1.1" 200 909
INFO 2024-06-27 14:33:24,942 basehttp "GET /static/game/texturePlayground/shaders/lavaShader.js HTTP/1.1" 200 1441
INFO 2024-06-27 14:33:24,941 basehttp "GET /static/game/texturePlayground/shaders/fragment.js HTTP/1.1" 200 909
INFO 2024-06-27 14:33:24,942 basehttp "GET /static/game/texturePlayground/shaders/lavaShader.js HTTP/1.1" 200 1441
INFO 2024-06-27 14:33:25,069 basehttp "GET /static/html/languages.json HTTP/1.1" 200 13823
INFO 2024-06-27 14:33:25,069 basehttp "GET /static/html/languages.json HTTP/1.1" 200 13823
INFO 2024-06-27 14:33:25,082 basehttp "GET /static/html/assets/spaceShip/scene.gltf HTTP/1.1" 200 3831
INFO 2024-06-27 14:33:25,082 basehttp "GET /static/html/assets/spaceShip/scene.gltf HTTP/1.1" 200 3831
INFO 2024-06-27 14:33:25,085 basehttp "GET /static/html/assets/blender/arena.glb HTTP/1.1" 200 39888
INFO 2024-06-27 14:33:25,085 basehttp "GET /static/html/assets/blender/arena.glb HTTP/1.1" 200 39888
INFO 2024-06-27 14:33:25,098 basehttp "GET /static/html/assets/blender/arenaRing.glb HTTP/1.1" 200 49400
INFO 2024-06-27 14:33:25,098 basehttp "GET /static/html/assets/blender/arenaRing.glb HTTP/1.1" 200 49400
INFO 2024-06-27 14:33:25,100 basehttp "GET /static/html/assets/blender/settingsPlanet.glb HTTP/1.1" 200 81204
INFO 2024-06-27 14:33:25,100 basehttp "GET /static/html/assets/blender/settingsPlanet.glb HTTP/1.1" 200 81204
INFO 2024-06-27 14:33:25,106 basehttp "GET /static/html/assets/blender/settingsPlanetRing.glb HTTP/1.1" 200 14336
INFO 2024-06-27 14:33:25,106 basehttp "GET /static/html/assets/blender/settingsPlanetRing.glb HTTP/1.1" 200 14336
INFO 2024-06-27 14:33:25,119 basehttp "GET /static/html/assets/blender/tournamentPlanet.glb HTTP/1.1" 200 104592
INFO 2024-06-27 14:33:25,119 basehttp "GET /static/html/assets/blender/tournamentPlanet.glb HTTP/1.1" 200 104592
INFO 2024-06-27 14:33:25,122 basehttp "GET /static/html/assets/blender/spaceshipInterior.glb HTTP/1.1" 200 615044
INFO 2024-06-27 14:33:25,122 basehttp "GET /static/html/assets/blender/spaceshipInterior.glb HTTP/1.1" 200 615044
INFO 2024-06-27 14:33:25,145 basehttp "GET /static/html/assets/blender/alienAnimationberet.glb HTTP/1.1" 200 1555688
INFO 2024-06-27 14:33:25,145 basehttp "GET /static/html/assets/blender/alienAnimationberet.glb HTTP/1.1" 200 1555688
INFO 2024-06-27 14:33:25,147 basehttp "GET /static/html/assets/blender/alienAnimationhat.glb HTTP/1.1" 200 1568708
INFO 2024-06-27 14:33:25,147 basehttp "GET /static/html/assets/blender/alienAnimationSombrero.glb HTTP/1.1" 200 1638308
INFO 2024-06-27 14:33:25,147 basehttp "GET /static/html/assets/blender/alienAnimationSombrero.glb HTTP/1.1" 200 1638308
INFO 2024-06-27 14:33:25,147 basehttp "GET /static/html/assets/blender/alienAnimationhat.glb HTTP/1.1" 200 1568708
INFO 2024-06-27 14:33:25,189 basehttp "GET /static/game/models/spaceShip/scene.gltf HTTP/1.1" 200 3831
INFO 2024-06-27 14:33:25,189 basehttp "GET /static/game/models/spaceShip/scene.gltf HTTP/1.1" 200 3831
INFO 2024-06-27 14:33:25,702 basehttp "GET /static/game/texturePlayground/blueSpaceMap/ny.png HTTP/1.1" 200 152583
INFO 2024-06-27 14:33:25,702 basehttp "GET /static/game/texturePlayground/blueSpaceMap/ny.png HTTP/1.1" 200 152583
INFO 2024-06-27 14:33:25,717 basehttp "GET /static/game/texturePlayground/blueSpaceMap/pz.png HTTP/1.1" 200 145215
INFO 2024-06-27 14:33:25,717 basehttp "GET /static/game/texturePlayground/blueSpaceMap/pz.png HTTP/1.1" 200 145215
INFO 2024-06-27 14:33:25,723 basehttp "GET /static/html/assets/spaceShip/textures/Material_baseColor.png HTTP/1.1" 200 436
INFO 2024-06-27 14:33:25,723 basehttp "GET /static/html/assets/spaceShip/textures/Material_baseColor.png HTTP/1.1" 200 436
INFO 2024-06-27 14:33:25,723 basehttp "GET /static/game/texturePlayground/blueSpaceMap/nx.png HTTP/1.1" 200 145690
INFO 2024-06-27 14:33:25,723 basehttp "GET /static/game/texturePlayground/blueSpaceMap/nx.png HTTP/1.1" 200 145690
INFO 2024-06-27 14:33:25,727 basehttp "GET /static/game/texturePlayground/blueSpaceMap/py.png HTTP/1.1" 200 143459
INFO 2024-06-27 14:33:25,727 basehttp "GET /static/game/texturePlayground/blueSpaceMap/py.png HTTP/1.1" 200 143459
INFO 2024-06-27 14:33:25,729 basehttp "GET /static/game/texturePlayground/blueSpaceMap/px.png HTTP/1.1" 200 145486
INFO 2024-06-27 14:33:25,729 basehttp "GET /static/game/texturePlayground/blueSpaceMap/nz.png HTTP/1.1" 200 146810
INFO 2024-06-27 14:33:25,729 basehttp "GET /static/game/texturePlayground/blueSpaceMap/nz.png HTTP/1.1" 200 146810
INFO 2024-06-27 14:33:25,729 basehttp "GET /static/game/texturePlayground/blueSpaceMap/px.png HTTP/1.1" 200 145486
INFO 2024-06-27 14:33:25,731 basehttp "GET /static/html/assets/spaceShip/scene.bin HTTP/1.1" 200 106848
INFO 2024-06-27 14:33:25,731 basehttp "GET /static/html/assets/spaceShip/scene.bin HTTP/1.1" 200 106848
INFO 2024-06-27 14:33:25,782 basehttp "GET /static/game/models/spaceShip/textures/Material_baseColor.png HTTP/1.1" 200 436
INFO 2024-06-27 14:33:25,782 basehttp "GET /static/game/models/spaceShip/textures/Material_baseColor.png HTTP/1.1" 200 436
INFO 2024-06-27 14:33:25,783 basehttp "GET /static/game/models/spaceShip/scene.bin HTTP/1.1" 200 106848
INFO 2024-06-27 14:33:25,783 basehttp "GET /static/game/models/spaceShip/scene.bin HTTP/1.1" 200 106848
DEBUG 2024-06-27 14:33:28,945 authentication Username received: caro, Host logged in: True
INFO 2024-06-27 14:33:29,464 basehttp "POST /login_page/ HTTP/1.1" 200 53
INFO 2024-06-27 14:33:29,464 basehttp "POST /login_page/ HTTP/1.1" 200 53
DEBUG 2024-06-27 14:33:33,328 authentication Username received: stef, Host logged in: True
INFO 2024-06-27 14:33:33,840 basehttp "POST /login_page/ HTTP/1.1" 200 45
INFO 2024-06-27 14:33:33,840 basehttp "POST /login_page/ HTTP/1.1" 200 45
DEBUG 2024-06-27 14:33:38,248 authentication Username received: stef, Host logged in: True
INFO 2024-06-27 14:33:38,782 basehttp "POST /login_page/ HTTP/1.1" 200 45
INFO 2024-06-27 14:33:38,782 basehttp "POST /login_page/ HTTP/1.1" 200 45
DEBUG 2024-06-27 14:33:52,819 authentication Username received: sounc, Host logged in: True
INFO 2024-06-27 14:33:53,347 basehttp "POST /login_page/ HTTP/1.1" 200 45
INFO 2024-06-27 14:33:53,347 basehttp "POST /login_page/ HTTP/1.1" 200 45
DEBUG 2024-06-27 14:34:00,652 authentication Username received: sounc, Host logged in: True
INFO 2024-06-27 14:34:01,264 basehttp "POST /login_page/ HTTP/1.1" 200 45
INFO 2024-06-27 14:34:01,264 basehttp "POST /login_page/ HTTP/1.1" 200 45
DEBUG 2024-06-27 14:34:05,188 authentication Username received: sounc, Host logged in: True
INFO 2024-06-27 14:34:05,745 basehttp "POST /login_page/ HTTP/1.1" 200 45
INFO 2024-06-27 14:34:05,745 basehttp "POST /login_page/ HTTP/1.1" 200 45
INFO 2024-06-27 14:40:02,680 autoreload Watching for file changes with StatReloader
INFO 2024-06-27 14:40:02,680 autoreload Watching for file changes with StatReloader
INFO 2024-06-27 14:40:14,768 basehttp "GET / HTTP/1.1" 200 44888
INFO 2024-06-27 14:40:14,768 basehttp "GET / HTTP/1.1" 200 44888
INFO 2024-06-27 14:40:14,925 basehttp "GET /static/html/css/planetPage.css HTTP/1.1" 200 2945
INFO 2024-06-27 14:40:14,925 basehttp "GET /static/html/css/planetPage.css HTTP/1.1" 200 2945
INFO 2024-06-27 14:40:14,926 basehttp "GET /static/html/css/style.css HTTP/1.1" 200 1650
INFO 2024-06-27 14:40:14,926 basehttp "GET /static/html/css/style.css HTTP/1.1" 200 1650
INFO 2024-06-27 14:40:14,926 basehttp "GET /static/html/css/rsContainer.css HTTP/1.1" 200 1769
INFO 2024-06-27 14:40:14,926 basehttp "GET /static/html/css/rsContainer.css HTTP/1.1" 200 1769
INFO 2024-06-27 14:40:14,927 basehttp "GET /static/html/css/loginPage.css HTTP/1.1" 200 5150
INFO 2024-06-27 14:40:14,927 basehttp "GET /static/html/css/loginPage.css HTTP/1.1" 200 5150
INFO 2024-06-27 14:40:14,929 basehttp "GET /static/html/css/lsContainer.css HTTP/1.1" 200 446
INFO 2024-06-27 14:40:14,929 basehttp "GET /static/html/css/lsContainer.css HTTP/1.1" 200 446
INFO 2024-06-27 14:40:14,929 basehttp "GET /static/html/css/escapePage.css HTTP/1.1" 200 3405
INFO 2024-06-27 14:40:14,929 basehttp "GET /static/html/css/escapePage.css HTTP/1.1" 200 3405
INFO 2024-06-27 14:40:14,942 basehttp "GET /static/html/css/SignUpPage.css HTTP/1.1" 200 3195
INFO 2024-06-27 14:40:14,942 basehttp "GET /static/html/css/SignUpPage.css HTTP/1.1" 200 3195
INFO 2024-06-27 14:40:14,944 basehttp "GET /static/html/css/rgpdPage.css HTTP/1.1" 200 1579
INFO 2024-06-27 14:40:14,944 basehttp "GET /static/html/css/rgpdPage.css HTTP/1.1" 200 1579
INFO 2024-06-27 14:40:14,945 basehttp "GET /static/html/css/modifyPage.css HTTP/1.1" 200 6363
INFO 2024-06-27 14:40:14,945 basehttp "GET /static/html/css/modifyPage.css HTTP/1.1" 200 6363
INFO 2024-06-27 14:40:14,945 basehttp "GET /static/html/css/tiles.css HTTP/1.1" 200 3795
INFO 2024-06-27 14:40:14,945 basehttp "GET /static/html/css/tiles.css HTTP/1.1" 200 3795
INFO 2024-06-27 14:40:14,945 basehttp "GET /static/html/css/userPage.css HTTP/1.1" 200 10816
INFO 2024-06-27 14:40:14,945 basehttp "GET /static/html/css/arenaPage.css HTTP/1.1" 200 5785
INFO 2024-06-27 14:40:14,945 basehttp "GET /static/html/css/arenaPage.css HTTP/1.1" 200 5785
INFO 2024-06-27 14:40:14,945 basehttp "GET /static/html/css/userPage.css HTTP/1.1" 200 10816
INFO 2024-06-27 14:40:14,960 basehttp "GET /static/tournament/css/style.css HTTP/1.1" 200 7588
INFO 2024-06-27 14:40:14,960 basehttp "GET /static/tournament/css/bracket.css HTTP/1.1" 200 2948
INFO 2024-06-27 14:40:14,960 basehttp "GET /static/tournament/css/style.css HTTP/1.1" 200 7588
INFO 2024-06-27 14:40:14,961 basehttp "GET /static/game/style/style.css HTTP/1.1" 200 6606
INFO 2024-06-27 14:40:14,961 basehttp "GET /static/html/js/loginPage.js HTTP/1.1" 200 15287
INFO 2024-06-27 14:40:14,961 basehttp "GET /static/html/js/loginPage.js HTTP/1.1" 200 15287
INFO 2024-06-27 14:40:14,961 basehttp "GET /static/game/style/style.css HTTP/1.1" 200 6606
INFO 2024-06-27 14:40:14,962 basehttp "GET /static/html/js/main.js HTTP/1.1" 200 20588
INFO 2024-06-27 14:40:14,962 basehttp "GET /static/html/js/main.js HTTP/1.1" 200 20588
INFO 2024-06-27 14:40:14,962 basehttp "GET /static/html/js/arenaPage.js HTTP/1.1" 200 23386
INFO 2024-06-27 14:40:14,962 basehttp "GET /static/html/js/arenaPage.js HTTP/1.1" 200 23386
INFO 2024-06-27 14:40:14,960 basehttp "GET /static/tournament/css/bracket.css HTTP/1.1" 200 2948
INFO 2024-06-27 14:40:14,976 basehttp "GET /static/html/js/modifyPage.js HTTP/1.1" 200 4470
INFO 2024-06-27 14:40:14,976 basehttp "GET /static/html/js/stats.js HTTP/1.1" 200 5040
INFO 2024-06-27 14:40:14,976 basehttp "GET /static/html/js/modifyPage.js HTTP/1.1" 200 4470
INFO 2024-06-27 14:40:14,977 basehttp "GET /static/html/js/translatePages.js HTTP/1.1" 200 10912
INFO 2024-06-27 14:40:14,976 basehttp "GET /static/html/js/stats.js HTTP/1.1" 200 5040
INFO 2024-06-27 14:40:14,977 basehttp "GET /static/html/js/translatePages.js HTTP/1.1" 200 10912
INFO 2024-06-27 14:40:14,979 basehttp "GET /static/tournament/js/gameData.js HTTP/1.1" 200 1830
INFO 2024-06-27 14:40:14,979 basehttp "GET /static/tournament/js/gameData.js HTTP/1.1" 200 1830
INFO 2024-06-27 14:40:14,979 basehttp "GET /static/html/js/userPage.js HTTP/1.1" 200 17743
INFO 2024-06-27 14:40:14,979 basehttp "GET /static/html/js/userPage.js HTTP/1.1" 200 17743
INFO 2024-06-27 14:40:14,986 basehttp "GET /static/game/js/main.js HTTP/1.1" 200 162325
INFO 2024-06-27 14:40:14,986 basehttp "GET /static/game/js/main.js HTTP/1.1" 200 162325
INFO 2024-06-27 14:40:14,994 basehttp "GET /static/html/assets/fonts/DS-DIGI.TTF HTTP/1.1" 200 22696
INFO 2024-06-27 14:40:14,994 basehttp "GET /static/html/assets/fonts/DS-DIGI.TTF HTTP/1.1" 200 22696
INFO 2024-06-27 14:40:14,994 basehttp "GET /static/tournament/js/newTournament.js HTTP/1.1" 200 21481
INFO 2024-06-27 14:40:14,994 basehttp "GET /static/tournament/js/newTournament.js HTTP/1.1" 200 21481
INFO 2024-06-27 14:40:14,996 basehttp "GET /static/html/assets/fonts/SPACE.ttf HTTP/1.1" 200 112700
INFO 2024-06-27 14:40:14,996 basehttp "GET /static/html/assets/fonts/SPACE.ttf HTTP/1.1" 200 112700
INFO 2024-06-27 14:40:15,005 basehttp "GET /static/game/assets/cursor/gun.cur HTTP/1.1" 200 11294
INFO 2024-06-27 14:40:15,005 basehttp "GET /static/game/assets/cursor/gun.cur HTTP/1.1" 200 11294
INFO 2024-06-27 14:40:15,007 basehttp "GET /static/tournament/js/bracket.js HTTP/1.1" 200 14363
INFO 2024-06-27 14:40:15,007 basehttp "GET /static/tournament/js/bracket.js HTTP/1.1" 200 14363
INFO 2024-06-27 14:40:15,012 basehttp "GET /static/game/assets/cursor/pointer.cur HTTP/1.1" 200 9662
INFO 2024-06-27 14:40:15,012 basehttp "GET /static/game/assets/scoreUI.png HTTP/1.1" 200 12897
INFO 2024-06-27 14:40:15,012 basehttp "GET /static/game/assets/scoreUI.png HTTP/1.1" 200 12897
INFO 2024-06-27 14:40:15,012 basehttp "GET /static/game/assets/cursor/pointer.cur HTTP/1.1" 200 9662
INFO 2024-06-27 14:40:15,016 basehttp "GET /static/html/assets/icons/pencil.png HTTP/1.1" 200 20681
INFO 2024-06-27 14:40:15,016 basehttp "GET /static/html/assets/icons/pencil.png HTTP/1.1" 200 20681
INFO 2024-06-27 14:40:15,022 basehttp "GET /static/html/assets/icons/redCross.svg HTTP/1.1" 200 2219
INFO 2024-06-27 14:40:15,022 basehttp "GET /static/html/assets/icons/redCross.svg HTTP/1.1" 200 2219
INFO 2024-06-27 14:40:15,023 basehttp "GET /static/html/assets/icons/plus.png HTTP/1.1" 200 14421
INFO 2024-06-27 14:40:15,023 basehttp "GET /static/html/assets/icons/plus.png HTTP/1.1" 200 14421
INFO 2024-06-27 14:40:15,032 basehttp "GET /static/html/assets/icons/info.png HTTP/1.1" 200 787
INFO 2024-06-27 14:40:15,032 basehttp "GET /static/html/assets/icons/info.png HTTP/1.1" 200 787
INFO 2024-06-27 14:40:15,034 basehttp "GET /static/html/assets/icons/spaceshipIcon.png HTTP/1.1" 200 9548
INFO 2024-06-27 14:40:15,034 basehttp "GET /static/html/assets/icons/spaceshipIcon.png HTTP/1.1" 200 9548
INFO 2024-06-27 14:40:15,036 basehttp "GET /static/html/assets/icons/frame.png HTTP/1.1" 200 11634
INFO 2024-06-27 14:40:15,036 basehttp "GET /static/html/assets/icons/frame.png HTTP/1.1" 200 11634
INFO 2024-06-27 14:40:15,041 basehttp "GET /static/html/assets/icons/ES_NU.png HTTP/1.1" 200 3873
INFO 2024-06-27 14:40:15,041 basehttp "GET /static/html/assets/icons/ES_NU.png HTTP/1.1" 200 3873
INFO 2024-06-27 14:40:15,042 basehttp "GET /static/html/assets/icons/checkMark.png HTTP/1.1" 200 41074
INFO 2024-06-27 14:40:15,042 basehttp "GET /static/html/assets/icons/checkMark.png HTTP/1.1" 200 41074
INFO 2024-06-27 14:40:15,047 basehttp "GET /static/html/assets/icons/doubleArrow2.png HTTP/1.1" 200 19956
INFO 2024-06-27 14:40:15,047 basehttp "GET /static/html/assets/icons/doubleArrow2.png HTTP/1.1" 200 19956
INFO 2024-06-27 14:40:15,048 basehttp "GET /static/html/assets/icons/BR_NU.png HTTP/1.1" 200 2798
INFO 2024-06-27 14:40:15,048 basehttp "GET /static/html/assets/icons/BR_NU.png HTTP/1.1" 200 2798
INFO 2024-06-27 14:40:15,053 basehttp "GET /static/html/assets/icons/FR_NU.png HTTP/1.1" 200 344
INFO 2024-06-27 14:40:15,053 basehttp "GET /static/html/assets/icons/FR_NU.png HTTP/1.1" 200 344
INFO 2024-06-27 14:40:15,054 basehttp "GET /static/html/assets/icons/mexicanAlienWhite.png HTTP/1.1" 200 21849
INFO 2024-06-27 14:40:15,054 basehttp "GET /static/html/assets/icons/mexicanAlienWhite.png HTTP/1.1" 200 21849
INFO 2024-06-27 14:40:15,058 basehttp "GET /static/html/assets/icons/frenchAlienWhite.png HTTP/1.1" 200 16652
INFO 2024-06-27 14:40:15,058 basehttp "GET /static/html/assets/icons/frenchAlienWhite.png HTTP/1.1" 200 16652
INFO 2024-06-27 14:40:15,061 basehttp "GET /static/html/assets/icons/englishAlienWhite.png HTTP/1.1" 200 21998
INFO 2024-06-27 14:40:15,061 basehttp "GET /static/html/assets/icons/englishAlienWhite.png HTTP/1.1" 200 21998
INFO 2024-06-27 14:40:15,067 basehttp "GET /static/game/assets/cursor/default.cur HTTP/1.1" 200 9662
INFO 2024-06-27 14:40:15,067 basehttp "GET /static/game/assets/cursor/default.cur HTTP/1.1" 200 9662
INFO 2024-06-27 14:40:15,394 basehttp "GET /static/html/js/planetIntersection.js HTTP/1.1" 200 3749
INFO 2024-06-27 14:40:15,394 basehttp "GET /static/html/js/planetIntersection.js HTTP/1.1" 200 3749
INFO 2024-06-27 14:40:15,395 basehttp "GET /static/html/js/planets.js HTTP/1.1" 200 3573
INFO 2024-06-27 14:40:15,395 basehttp "GET /static/html/js/planets.js HTTP/1.1" 200 3573
INFO 2024-06-27 14:40:15,396 basehttp "GET /static/html/js/showPages.js HTTP/1.1" 200 1105
INFO 2024-06-27 14:40:15,396 basehttp "GET /static/html/js/showPages.js HTTP/1.1" 200 1105
INFO 2024-06-27 14:40:15,396 basehttp "GET /static/html/js/objs.js HTTP/1.1" 200 6475
INFO 2024-06-27 14:40:15,396 basehttp "GET /static/html/js/objs.js HTTP/1.1" 200 6475
INFO 2024-06-27 14:40:15,396 basehttp "GET /static/html/js/movement.js HTTP/1.1" 200 6696
INFO 2024-06-27 14:40:15,396 basehttp "GET /static/html/js/enterPlanet.js HTTP/1.1" 200 4750
INFO 2024-06-27 14:40:15,396 basehttp "GET /static/html/js/movement.js HTTP/1.1" 200 6696
INFO 2024-06-27 14:40:15,396 basehttp "GET /static/html/js/enterPlanet.js HTTP/1.1" 200 4750
INFO 2024-06-27 14:40:15,409 basehttp "GET /static/html/js/userManagement.js HTTP/1.1" 200 7822
INFO 2024-06-27 14:40:15,409 basehttp "GET /static/html/js/userManagement.js HTTP/1.1" 200 7822
INFO 2024-06-27 14:40:15,410 basehttp "GET /static/game/texturePlayground/shaders/fragment.js HTTP/1.1" 200 909
INFO 2024-06-27 14:40:15,410 basehttp "GET /static/html/js/signUpPage.js HTTP/1.1" 200 3499
INFO 2024-06-27 14:40:15,410 basehttp "GET /static/html/js/signUpPage.js HTTP/1.1" 200 3499
INFO 2024-06-27 14:40:15,410 basehttp "GET /static/game/texturePlayground/shaders/fragment.js HTTP/1.1" 200 909
INFO 2024-06-27 14:40:15,411 basehttp "GET /static/game/texturePlayground/shaders/vertex.js HTTP/1.1" 200 7946
INFO 2024-06-27 14:40:15,411 basehttp "GET /static/game/texturePlayground/shaders/lavaShader.js HTTP/1.1" 200 1441
INFO 2024-06-27 14:40:15,411 basehttp "GET /static/game/texturePlayground/shaders/vertex.js HTTP/1.1" 200 7946
INFO 2024-06-27 14:40:15,411 basehttp "GET /static/game/texturePlayground/shaders/lavaShader.js HTTP/1.1" 200 1441
INFO 2024-06-27 14:40:15,551 basehttp "GET /static/html/languages.json HTTP/1.1" 200 13823
INFO 2024-06-27 14:40:15,551 basehttp "GET /static/html/languages.json HTTP/1.1" 200 13823
INFO 2024-06-27 14:40:15,562 basehttp "GET /static/html/assets/spaceShip/scene.gltf HTTP/1.1" 200 3831
INFO 2024-06-27 14:40:15,562 basehttp "GET /static/html/assets/spaceShip/scene.gltf HTTP/1.1" 200 3831
INFO 2024-06-27 14:40:15,565 basehttp "GET /static/html/assets/blender/arena.glb HTTP/1.1" 200 39888
INFO 2024-06-27 14:40:15,565 basehttp "GET /static/html/assets/blender/arena.glb HTTP/1.1" 200 39888
INFO 2024-06-27 14:40:15,576 basehttp "GET /static/html/assets/blender/arenaRing.glb HTTP/1.1" 200 49400
INFO 2024-06-27 14:40:15,576 basehttp "GET /static/html/assets/blender/arenaRing.glb HTTP/1.1" 200 49400
INFO 2024-06-27 14:40:15,584 basehttp "GET /static/html/assets/blender/settingsPlanet.glb HTTP/1.1" 200 81204
INFO 2024-06-27 14:40:15,584 basehttp "GET /static/html/assets/blender/settingsPlanet.glb HTTP/1.1" 200 81204
INFO 2024-06-27 14:40:15,590 basehttp "GET /static/html/assets/blender/settingsPlanetRing.glb HTTP/1.1" 200 14336
INFO 2024-06-27 14:40:15,590 basehttp "GET /static/html/assets/blender/settingsPlanetRing.glb HTTP/1.1" 200 14336
INFO 2024-06-27 14:40:15,599 basehttp "GET /static/html/assets/blender/spaceshipInterior.glb HTTP/1.1" 200 615044
INFO 2024-06-27 14:40:15,599 basehttp "GET /static/html/assets/blender/spaceshipInterior.glb HTTP/1.1" 200 615044
INFO 2024-06-27 14:40:15,602 basehttp "GET /static/html/assets/blender/tournamentPlanet.glb HTTP/1.1" 200 104592
INFO 2024-06-27 14:40:15,602 basehttp "GET /static/html/assets/blender/tournamentPlanet.glb HTTP/1.1" 200 104592
INFO 2024-06-27 14:40:15,620 basehttp "GET /static/html/assets/blender/alienAnimationberet.glb HTTP/1.1" 200 1555688
INFO 2024-06-27 14:40:15,620 basehttp "GET /static/html/assets/blender/alienAnimationberet.glb HTTP/1.1" 200 1555688
INFO 2024-06-27 14:40:15,624 basehttp "GET /static/html/assets/blender/alienAnimationSombrero.glb HTTP/1.1" 200 1638308
INFO 2024-06-27 14:40:15,624 basehttp "GET /static/html/assets/blender/alienAnimationSombrero.glb HTTP/1.1" 200 1638308
INFO 2024-06-27 14:40:15,626 basehttp "GET /static/html/assets/blender/alienAnimationhat.glb HTTP/1.1" 200 1568708
INFO 2024-06-27 14:40:15,626 basehttp "GET /static/html/assets/blender/alienAnimationhat.glb HTTP/1.1" 200 1568708
INFO 2024-06-27 14:40:15,938 basehttp "GET /static/game/models/spaceShip/scene.gltf HTTP/1.1" 200 3831
INFO 2024-06-27 14:40:15,938 basehttp "GET /static/game/models/spaceShip/scene.gltf HTTP/1.1" 200 3831
INFO 2024-06-27 14:40:16,135 basehttp "GET /static/game/texturePlayground/blueSpaceMap/nz.png HTTP/1.1" 200 146810
INFO 2024-06-27 14:40:16,135 basehttp "GET /static/game/texturePlayground/blueSpaceMap/nz.png HTTP/1.1" 200 146810
INFO 2024-06-27 14:40:16,140 basehttp "GET /static/game/texturePlayground/blueSpaceMap/ny.png HTTP/1.1" 200 152583
INFO 2024-06-27 14:40:16,140 basehttp "GET /static/game/texturePlayground/blueSpaceMap/ny.png HTTP/1.1" 200 152583
INFO 2024-06-27 14:40:16,144 basehttp "GET /static/game/texturePlayground/blueSpaceMap/pz.png HTTP/1.1" 200 145215
INFO 2024-06-27 14:40:16,144 basehttp "GET /static/game/texturePlayground/blueSpaceMap/pz.png HTTP/1.1" 200 145215
INFO 2024-06-27 14:40:16,147 basehttp "GET /static/game/texturePlayground/blueSpaceMap/px.png HTTP/1.1" 200 145486
INFO 2024-06-27 14:40:16,147 basehttp "GET /static/game/texturePlayground/blueSpaceMap/px.png HTTP/1.1" 200 145486
INFO 2024-06-27 14:40:16,149 basehttp "GET /static/game/texturePlayground/blueSpaceMap/py.png HTTP/1.1" 200 143459
INFO 2024-06-27 14:40:16,149 basehttp "GET /static/game/texturePlayground/blueSpaceMap/py.png HTTP/1.1" 200 143459
INFO 2024-06-27 14:40:16,150 basehttp "GET /static/game/texturePlayground/blueSpaceMap/nx.png HTTP/1.1" 200 145690
INFO 2024-06-27 14:40:16,150 basehttp "GET /static/game/texturePlayground/blueSpaceMap/nx.png HTTP/1.1" 200 145690
INFO 2024-06-27 14:40:16,211 basehttp "GET /static/html/assets/spaceShip/textures/Material_baseColor.png HTTP/1.1" 200 436
INFO 2024-06-27 14:40:16,211 basehttp "GET /static/html/assets/spaceShip/textures/Material_baseColor.png HTTP/1.1" 200 436
INFO 2024-06-27 14:40:16,243 basehttp "GET /static/game/models/spaceShip/textures/Material_baseColor.png HTTP/1.1" 200 436
INFO 2024-06-27 14:40:16,243 basehttp "GET /static/game/models/spaceShip/textures/Material_baseColor.png HTTP/1.1" 200 436
INFO 2024-06-27 14:40:16,295 basehttp "GET /static/html/assets/spaceShip/scene.bin HTTP/1.1" 200 106848
INFO 2024-06-27 14:40:16,295 basehttp "GET /static/html/assets/spaceShip/scene.bin HTTP/1.1" 200 106848
INFO 2024-06-27 14:40:16,355 basehttp "GET /static/game/models/spaceShip/scene.bin HTTP/1.1" 200 106848
INFO 2024-06-27 14:40:16,355 basehttp "GET /static/game/models/spaceShip/scene.bin HTTP/1.1" 200 106848
DEBUG 2024-06-27 14:40:23,112 authentication Username received: caro, Host logged in: True
INFO 2024-06-27 14:40:23,684 basehttp "POST /login_page/ HTTP/1.1" 200 45
INFO 2024-06-27 14:40:23,684 basehttp "POST /login_page/ HTTP/1.1" 200 45
INFO 2024-06-27 14:40:32,480 basehttp "POST /signup/ HTTP/1.1" 200 50
INFO 2024-06-27 14:40:32,480 basehttp "POST /signup/ HTTP/1.1" 200 50
DEBUG 2024-06-27 14:40:39,448 authentication Username received: caro, Host logged in: True
DEBUG 2024-06-27 14:40:39,982 authentication IsHostLoggedIn: True
DEBUG 2024-06-27 14:40:40,079 authentication caro status is online is host False
INFO 2024-06-27 14:40:40,127 basehttp "POST /login_page/ HTTP/1.1" 200 146
INFO 2024-06-27 14:40:40,127 basehttp "POST /login_page/ HTTP/1.1" 200 146
WARNING 2024-06-27 14:41:19,096 log Unauthorized: /user/status/
WARNING 2024-06-27 14:41:19,096 log Unauthorized: /user/status/
WARNING 2024-06-27 14:41:19,097 basehttp "POST /user/status/ HTTP/1.1" 401 27
WARNING 2024-06-27 14:41:19,097 basehttp "POST /user/status/ HTTP/1.1" 401 27
DEBUG 2024-06-27 14:41:24,791 authentication Username received: caro, Host logged in: False
INFO 2024-06-27 14:41:25,277 basehttp "POST /login_page/ HTTP/1.1" 200 53
INFO 2024-06-27 14:41:25,277 basehttp "POST /login_page/ HTTP/1.1" 200 53
DEBUG 2024-06-27 14:41:30,161 authentication Username received: stef, Host logged in: False
INFO 2024-06-27 14:41:30,838 basehttp "POST /login_page/ HTTP/1.1" 200 45
INFO 2024-06-27 14:41:30,838 basehttp "POST /login_page/ HTTP/1.1" 200 45
WARNING 2024-06-27 14:41:39,346 log Unauthorized: /return_friends_list/
WARNING 2024-06-27 14:41:39,346 log Unauthorized: /return_friends_list/
WARNING 2024-06-27 14:41:39,347 basehttp "GET /return_friends_list/ HTTP/1.1" 401 27
WARNING 2024-06-27 14:41:39,347 basehttp "GET /return_friends_list/ HTTP/1.1" 401 27
WARNING 2024-06-27 14:43:38,645 log Unauthorized: /get_profile_info/
WARNING 2024-06-27 14:43:38,645 log Unauthorized: /get_profile_info/
WARNING 2024-06-27 14:43:38,646 log Unauthorized: /return_friends_list/
WARNING 2024-06-27 14:43:38,646 log Unauthorized: /return_friends_list/
WARNING 2024-06-27 14:43:38,647 basehttp "GET /return_friends_list/ HTTP/1.1" 401 27
WARNING 2024-06-27 14:43:38,647 basehttp "GET /return_friends_list/ HTTP/1.1" 401 27
WARNING 2024-06-27 14:43:38,650 basehttp "GET /get_profile_info/ HTTP/1.1" 401 27
WARNING 2024-06-27 14:43:38,650 basehttp "GET /get_profile_info/ HTTP/1.1" 401 27
WARNING 2024-06-27 14:43:40,575 log Not Found: /get_stats/null
WARNING 2024-06-27 14:43:40,575 log Not Found: /get_stats/null
WARNING 2024-06-27 14:43:40,575 basehttp "GET /get_stats/null HTTP/1.1" 404 6995
WARNING 2024-06-27 14:43:40,575 basehttp "GET /get_stats/null HTTP/1.1" 404 6995
INFO 2024-06-27 14:49:30,845 autoreload /backend/authentication/urls.py changed, reloading.
INFO 2024-06-27 14:49:30,845 autoreload /backend/authentication/urls.py changed, reloading.
