/bin/sh: 1: root: not found
Cron job executed at 2024-06-29 16:19:01.984639+00:00
/bin/sh: 1: root: not found
Cron job executed at 2024-06-29 16:20:01.460366+00:00
/bin/sh: 1: root: not found
Cron job executed at 2024-06-29 16:21:01.946041+00:00
/bin/sh: 1: root: not found
Cron job executed at 2024-06-29 16:22:01.422649+00:00
/bin/sh: 1: root: not found
Cron job executed at 2024-06-29 16:23:01.892514+00:00
/bin/sh: 1: root: not found
Cron job executed at 2024-06-29 16:24:02.365055+00:00
/bin/sh: 1: root: not found
Cron job executed at 2024-06-30 12:55:03.560384+00:00
/bin/sh: 1: root: not found
Cron job executed at 2024-06-30 12:56:02.462930+00:00
/bin/sh: 1: root: not found
Cron job executed at 2024-06-30 12:57:02.358422+00:00
/bin/sh: 1: root: not found
Cron job executed at 2024-06-30 12:58:02.413978+00:00
/bin/sh: 1: root: not found
Cron job executed at 2024-06-30 12:59:02.391249+00:00
/bin/sh: 1: root: not found
Cron job executed at 2024-06-30 13:00:02.394484+00:00
/bin/sh: 1: root: not found
Cron job executed at 2024-06-30 13:01:02.367384+00:00
/bin/sh: 1: root: not found
Cron job executed at 2024-06-30 13:02:02.252908+00:00
/bin/sh: 1: root: not found
Cron job executed at 2024-06-30 13:03:02.188674+00:00
/bin/sh: 1: root: not found
Cron job executed at 2024-06-30 13:04:02.082193+00:00
/bin/sh: 1: root: not found
Cron job executed at 2024-06-30 13:05:02.005321+00:00
Cron job executed at 2024-06-30 13:10:03.181505+00:00
Cron job executed at 2024-06-30 13:25:02.459498+00:00
Cron job executed at 2024-06-30 13:26:02.317353+00:00
Cron job executed at 2024-06-30 13:27:02.341476+00:00
Cron job executed at 2024-06-30 13:28:02.224428+00:00
Cron job executed at 2024-06-30 13:29:02.190479+00:00
Cron job executed at 2024-06-30 13:30:02.084452+00:00
Cron job executed at 2024-06-30 13:31:01.915369+00:00
Cron job executed at 2024-06-30 13:32:01.812310+00:00
Cron job completed at 2024-06-30 13:32:01.812742+00:00
Cron job executed at 2024-06-30 13:33:02.685630+00:00
Cron job completed at 2024-06-30 13:33:02.685954+00:00
Cron job executed at 2024-06-30 13:35:03.325828+00:00
Cron job completed at 2024-06-30 13:35:03.326156+00:00
Cron job executed at 2024-06-30 14:48:02.496431+00:00
Cron job completed at 2024-06-30 14:48:02.497153+00:00
Cron job executed at 2024-06-30 14:49:01.944996+00:00
Cron job completed at 2024-06-30 14:49:01.945226+00:00
Cron job executed at 2024-06-30 14:52:02.151562+00:00
Cron job completed at 2024-06-30 14:52:02.151836+00:00
Cron job executed at 2024-06-30 14:53:01.617124+00:00
Cron job completed at 2024-06-30 14:53:01.617439+00:00
Cron job executed at 2024-06-30 14:54:02.052254+00:00
Cron job completed at 2024-06-30 14:54:02.052483+00:00
Cron job executed at 2024-06-30 14:55:01.465897+00:00
Cron job completed at 2024-06-30 14:55:01.466120+00:00
Cron job executed at 2024-06-30 14:57:02.559275+00:00
Cron job completed at 2024-06-30 14:57:02.559528+00:00
Cron job executed at 2024-06-30 14:58:01.998648+00:00
Cron job completed at 2024-06-30 14:58:01.998867+00:00
Cron job executed at 2024-06-30 14:59:01.419828+00:00
Cron job completed at 2024-06-30 14:59:01.420071+00:00
Cron job executed at 2024-06-30 15:02:02.342149+00:00
Cron job completed at 2024-06-30 15:02:02.342384+00:00
Cron job executed at 2024-06-30 15:03:01.945253+00:00
Cron job completed at 2024-06-30 15:03:01.945545+00:00
Cron job executed at 2024-06-30 15:04:01.372624+00:00
Cron job completed at 2024-06-30 15:04:01.372847+00:00
Cron job executed at 2024-06-30 15:05:01.801542+00:00
Cron job completed at 2024-06-30 15:05:01.801779+00:00
Cron job executed at 2024-06-30 15:06:02.214378+00:00
Cron job completed at 2024-06-30 15:06:02.214606+00:00
Cron job executed at 2024-06-30 15:09:02.487248+00:00
Cron job completed at 2024-06-30 15:09:02.487468+00:00
Cron job executed at 2024-06-30 15:10:01.933528+00:00
Cron job completed at 2024-06-30 15:10:01.933779+00:00
Cron job executed at 2024-06-30 15:11:01.386541+00:00
Cron job completed at 2024-06-30 15:11:01.386801+00:00
Cron job executed at 2024-06-30 15:12:01.835703+00:00
Cron job completed at 2024-06-30 15:12:01.835940+00:00
Cron job executed at 2024-06-30 15:15:02.325856+00:00
Cron job completed at 2024-06-30 15:15:02.326126+00:00
Cron job executed at 2024-06-30 15:17:02.549795+00:00
Cron job completed at 2024-06-30 15:17:02.550113+00:00
Cron job executed at 2024-06-30 15:18:02.023602+00:00
Cron job completed at 2024-06-30 15:18:02.023849+00:00
Cron job executed at 2024-06-30 15:20:02.532491+00:00
Cron job completed at 2024-06-30 15:20:02.532729+00:00
Cron job executed at 2024-06-30 15:22:02.891473+00:00
Cron job completed at 2024-06-30 15:22:02.892287+00:00
Cron job executed at 2024-06-30 15:23:02.350691+00:00
Cron job completed at 2024-06-30 15:23:02.350930+00:00
Cron job executed at 2024-06-30 15:24:01.786713+00:00
Cron job completed at 2024-06-30 15:24:01.786928+00:00
Cron job executed at 2024-06-30 15:32:02.857087+00:00
Cron job completed at 2024-06-30 15:32:02.858412+00:00
Cron job executed at 2024-06-30 15:33:01.833229+00:00
Cron job completed at 2024-06-30 15:33:01.833625+00:00
Cron job executed at 2024-06-30 15:34:01.967945+00:00
Cron job completed at 2024-06-30 15:34:01.968252+00:00
Cron job executed at 2024-06-30 15:35:02.172384+00:00
Cron job completed at 2024-06-30 15:35:02.172743+00:00
Cron job executed at 2024-06-30 15:36:01.987664+00:00
Cron job completed at 2024-06-30 15:36:01.988274+00:00
Cron job executed at 2024-06-30 15:37:02.126342+00:00
Cron job completed at 2024-06-30 15:37:02.127000+00:00
Traceback (most recent call last):
  File "/backend/manage.py", line 22, in <module>
    main()
  File "/backend/manage.py", line 18, in main
    execute_from_command_line(sys.argv)
  File "/usr/local/lib/python3.9/site-packages/django/core/management/__init__.py", line 442, in execute_from_command_line
    utility.execute()
  File "/usr/local/lib/python3.9/site-packages/django/core/management/__init__.py", line 416, in execute
    django.setup()
  File "/usr/local/lib/python3.9/site-packages/django/__init__.py", line 24, in setup
    apps.populate(settings.INSTALLED_APPS)
  File "/usr/local/lib/python3.9/site-packages/django/apps/registry.py", line 91, in populate
    app_config = AppConfig.create(entry)
  File "/usr/local/lib/python3.9/site-packages/django/apps/config.py", line 193, in create
    import_module(entry)
  File "/usr/local/lib/python3.9/importlib/__init__.py", line 127, in import_module
    return _bootstrap._gcd_import(name[level:], package, level)
  File "<frozen importlib._bootstrap>", line 1030, in _gcd_import
  File "<frozen importlib._bootstrap>", line 1007, in _find_and_load
  File "<frozen importlib._bootstrap>", line 984, in _find_and_load_unlocked
ModuleNotFoundError: No module named 'rest_framework'
Traceback (most recent call last):
  File "/backend/manage.py", line 22, in <module>
    main()
  File "/backend/manage.py", line 18, in main
    execute_from_command_line(sys.argv)
  File "/usr/local/lib/python3.9/site-packages/django/core/management/__init__.py", line 442, in execute_from_command_line
    utility.execute()
  File "/usr/local/lib/python3.9/site-packages/django/core/management/__init__.py", line 416, in execute
    django.setup()
  File "/usr/local/lib/python3.9/site-packages/django/__init__.py", line 24, in setup
    apps.populate(settings.INSTALLED_APPS)
  File "/usr/local/lib/python3.9/site-packages/django/apps/registry.py", line 91, in populate
    app_config = AppConfig.create(entry)
  File "/usr/local/lib/python3.9/site-packages/django/apps/config.py", line 193, in create
    import_module(entry)
  File "/usr/local/lib/python3.9/importlib/__init__.py", line 127, in import_module
    return _bootstrap._gcd_import(name[level:], package, level)
  File "<frozen importlib._bootstrap>", line 1030, in _gcd_import
  File "<frozen importlib._bootstrap>", line 1007, in _find_and_load
  File "<frozen importlib._bootstrap>", line 984, in _find_and_load_unlocked
ModuleNotFoundError: No module named 'rest_framework'
Traceback (most recent call last):
  File "/backend/manage.py", line 22, in <module>
    main()
  File "/backend/manage.py", line 18, in main
    execute_from_command_line(sys.argv)
  File "/usr/local/lib/python3.9/site-packages/django/core/management/__init__.py", line 442, in execute_from_command_line
    utility.execute()
  File "/usr/local/lib/python3.9/site-packages/django/core/management/__init__.py", line 416, in execute
    django.setup()
  File "/usr/local/lib/python3.9/site-packages/django/__init__.py", line 24, in setup
    apps.populate(settings.INSTALLED_APPS)
  File "/usr/local/lib/python3.9/site-packages/django/apps/registry.py", line 91, in populate
    app_config = AppConfig.create(entry)
  File "/usr/local/lib/python3.9/site-packages/django/apps/config.py", line 193, in create
    import_module(entry)
  File "/usr/local/lib/python3.9/importlib/__init__.py", line 127, in import_module
    return _bootstrap._gcd_import(name[level:], package, level)
  File "<frozen importlib._bootstrap>", line 1030, in _gcd_import
  File "<frozen importlib._bootstrap>", line 1007, in _find_and_load
  File "<frozen importlib._bootstrap>", line 984, in _find_and_load_unlocked
ModuleNotFoundError: No module named 'rest_framework'
Traceback (most recent call last):
  File "/backend/manage.py", line 22, in <module>
    main()
  File "/backend/manage.py", line 18, in main
    execute_from_command_line(sys.argv)
  File "/usr/local/lib/python3.9/site-packages/django/core/management/__init__.py", line 442, in execute_from_command_line
    utility.execute()
  File "/usr/local/lib/python3.9/site-packages/django/core/management/__init__.py", line 416, in execute
    django.setup()
  File "/usr/local/lib/python3.9/site-packages/django/__init__.py", line 24, in setup
    apps.populate(settings.INSTALLED_APPS)
  File "/usr/local/lib/python3.9/site-packages/django/apps/registry.py", line 91, in populate
    app_config = AppConfig.create(entry)
  File "/usr/local/lib/python3.9/site-packages/django/apps/config.py", line 193, in create
    import_module(entry)
  File "/usr/local/lib/python3.9/importlib/__init__.py", line 127, in import_module
    return _bootstrap._gcd_import(name[level:], package, level)
  File "<frozen importlib._bootstrap>", line 1030, in _gcd_import
  File "<frozen importlib._bootstrap>", line 1007, in _find_and_load
  File "<frozen importlib._bootstrap>", line 984, in _find_and_load_unlocked
ModuleNotFoundError: No module named 'rest_framework'
Traceback (most recent call last):
  File "/backend/manage.py", line 22, in <module>
    main()
  File "/backend/manage.py", line 18, in main
    execute_from_command_line(sys.argv)
  File "/usr/local/lib/python3.9/site-packages/django/core/management/__init__.py", line 442, in execute_from_command_line
    utility.execute()
  File "/usr/local/lib/python3.9/site-packages/django/core/management/__init__.py", line 416, in execute
    django.setup()
  File "/usr/local/lib/python3.9/site-packages/django/__init__.py", line 24, in setup
    apps.populate(settings.INSTALLED_APPS)
  File "/usr/local/lib/python3.9/site-packages/django/apps/registry.py", line 91, in populate
    app_config = AppConfig.create(entry)
  File "/usr/local/lib/python3.9/site-packages/django/apps/config.py", line 193, in create
    import_module(entry)
  File "/usr/local/lib/python3.9/importlib/__init__.py", line 127, in import_module
    return _bootstrap._gcd_import(name[level:], package, level)
  File "<frozen importlib._bootstrap>", line 1030, in _gcd_import
  File "<frozen importlib._bootstrap>", line 1007, in _find_and_load
  File "<frozen importlib._bootstrap>", line 984, in _find_and_load_unlocked
ModuleNotFoundError: No module named 'rest_framework'
Traceback (most recent call last):
  File "/backend/manage.py", line 22, in <module>
    main()
  File "/backend/manage.py", line 18, in main
    execute_from_command_line(sys.argv)
  File "/usr/local/lib/python3.9/site-packages/django/core/management/__init__.py", line 442, in execute_from_command_line
    utility.execute()
  File "/usr/local/lib/python3.9/site-packages/django/core/management/__init__.py", line 416, in execute
    django.setup()
  File "/usr/local/lib/python3.9/site-packages/django/__init__.py", line 24, in setup
    apps.populate(settings.INSTALLED_APPS)
  File "/usr/local/lib/python3.9/site-packages/django/apps/registry.py", line 91, in populate
    app_config = AppConfig.create(entry)
  File "/usr/local/lib/python3.9/site-packages/django/apps/config.py", line 193, in create
    import_module(entry)
  File "/usr/local/lib/python3.9/importlib/__init__.py", line 127, in import_module
    return _bootstrap._gcd_import(name[level:], package, level)
  File "<frozen importlib._bootstrap>", line 1030, in _gcd_import
  File "<frozen importlib._bootstrap>", line 1007, in _find_and_load
  File "<frozen importlib._bootstrap>", line 984, in _find_and_load_unlocked
ModuleNotFoundError: No module named 'rest_framework'
SystemCheckError: System check identified some issues:

ERRORS:
authentication.User.profile_picture: (fields.E210) Cannot use ImageField because Pillow is not installed.
	HINT: Get Pillow at https://pypi.org/project/Pillow/ or run command "python -m pip install Pillow".
SystemCheckError: System check identified some issues:

ERRORS:
authentication.User.profile_picture: (fields.E210) Cannot use ImageField because Pillow is not installed.
	HINT: Get Pillow at https://pypi.org/project/Pillow/ or run command "python -m pip install Pillow".
SystemCheckError: System check identified some issues:

ERRORS:
authentication.User.profile_picture: (fields.E210) Cannot use ImageField because Pillow is not installed.
	HINT: Get Pillow at https://pypi.org/project/Pillow/ or run command "python -m pip install Pillow".
Cron job executed at 2024-06-30 16:30:03.131688+00:00
Cron job completed at 2024-06-30 16:30:03.132346+00:00
Cron job executed at 2024-06-30 16:31:01.852693+00:00
Cron job completed at 2024-06-30 16:31:01.852985+00:00
Cron job executed at 2024-06-30 16:32:02.594035+00:00
Cron job completed at 2024-06-30 16:32:02.594281+00:00
Cron job executed at 2024-06-30 16:33:02.240764+00:00
Cron job completed at 2024-06-30 16:33:02.241023+00:00
Cron job executed at 2024-06-30 16:34:01.968799+00:00
Cron job completed at 2024-06-30 16:34:01.969283+00:00
Cron job executed at 2024-06-30 16:35:01.646162+00:00
Cron job completed at 2024-06-30 16:35:01.646418+00:00
Cron job executed at 2024-06-30 16:36:02.414398+00:00
Cron job completed at 2024-06-30 16:36:02.414744+00:00
Cron job executed at 2024-06-30 16:37:02.089762+00:00
Cron job completed at 2024-06-30 16:37:02.090103+00:00
Cron job executed at 2024-06-30 16:38:01.812639+00:00
Cron job completed at 2024-06-30 16:38:01.813062+00:00
Cron job executed at 2024-06-30 16:39:02.452912+00:00
Cron job completed at 2024-06-30 16:39:02.453253+00:00
Cron job executed at 2024-06-30 16:40:02.226801+00:00
Cron job completed at 2024-06-30 16:40:02.227210+00:00
Cron job executed at 2024-06-30 16:41:02.057831+00:00
Cron job completed at 2024-06-30 16:41:02.058171+00:00
Cron job executed at 2024-06-30 16:42:01.864833+00:00
Cron job completed at 2024-06-30 16:42:01.865394+00:00
Cron job executed at 2024-06-30 16:43:01.664802+00:00
Cron job completed at 2024-06-30 16:43:01.665149+00:00
Cron job executed at 2024-06-30 16:44:02.330546+00:00
Cron job completed at 2024-06-30 16:44:02.330909+00:00
Cron job executed at 2024-06-30 16:45:01.906641+00:00
Cron job completed at 2024-06-30 16:45:01.907279+00:00
Cron job executed at 2024-06-30 16:46:01.525110+00:00
Cron job completed at 2024-06-30 16:46:01.525437+00:00
Cron job executed at 2024-06-30 16:47:02.116964+00:00
Cron job completed at 2024-06-30 16:47:02.117291+00:00
Cron job executed at 2024-06-30 16:48:01.691299+00:00
Cron job completed at 2024-06-30 16:48:01.691821+00:00
Cron job executed at 2024-06-30 16:49:02.295640+00:00
Cron job completed at 2024-06-30 16:49:02.295927+00:00
Cron job executed at 2024-06-30 16:50:01.900545+00:00
Cron job completed at 2024-06-30 16:50:01.900816+00:00
Cron job executed at 2024-06-30 16:51:02.480743+00:00
Cron job completed at 2024-06-30 16:51:02.481008+00:00
Cron job executed at 2024-06-30 16:52:02.084071+00:00
Cron job completed at 2024-06-30 16:52:02.084399+00:00
Cron job executed at 2024-06-30 16:53:01.676377+00:00
Cron job completed at 2024-06-30 16:53:01.676750+00:00
Cron job executed at 2024-06-30 16:54:02.268969+00:00
Cron job completed at 2024-06-30 16:54:02.269493+00:00
Cron job executed at 2024-07-01 09:28:02.683523+00:00
Cron job completed at 2024-07-01 09:28:02.684907+00:00
Cron job executed at 2024-07-01 09:29:02.376282+00:00
Cron job completed at 2024-07-01 09:29:02.376747+00:00
Cron job executed at 2024-07-01 09:30:02.027773+00:00
Cron job completed at 2024-07-01 09:30:02.028122+00:00
Cron job executed at 2024-07-01 09:31:01.694390+00:00
Cron job completed at 2024-07-01 09:31:01.694688+00:00
Cron job executed at 2024-07-01 09:32:02.503647+00:00
Cron job completed at 2024-07-01 09:32:02.504009+00:00
Cron job executed at 2024-07-01 09:33:02.266810+00:00
Cron job completed at 2024-07-01 09:33:02.267151+00:00
Cron job executed at 2024-07-01 09:34:01.986937+00:00
Cron job completed at 2024-07-01 09:34:01.987305+00:00
Cron job executed at 2024-07-01 09:35:01.792781+00:00
Cron job completed at 2024-07-01 09:35:01.793158+00:00
Cron job executed at 2024-07-01 09:36:02.559515+00:00
Cron job completed at 2024-07-01 09:36:02.559833+00:00
Cron job executed at 2024-07-01 09:37:02.288793+00:00
Cron job completed at 2024-07-01 09:37:02.289110+00:00
Cron job executed at 2024-07-01 09:38:02.460654+00:00
Cron job completed at 2024-07-01 09:38:02.462982+00:00
Cron job executed at 2024-07-01 09:39:02.174744+00:00
Cron job completed at 2024-07-01 09:39:02.175236+00:00
Cron job executed at 2024-07-01 09:40:01.924838+00:00
Cron job completed at 2024-07-01 09:40:01.925214+00:00
Cron job executed at 2024-07-01 09:41:01.634168+00:00
Cron job completed at 2024-07-01 09:41:01.634649+00:00
Cron job executed at 2024-07-01 09:42:02.337847+00:00
Cron job completed at 2024-07-01 09:42:02.338179+00:00
Cron job executed at 2024-07-01 09:43:02.031122+00:00
Cron job completed at 2024-07-01 09:43:02.031469+00:00
Cron job executed at 2024-07-01 09:44:01.701917+00:00
Cron job completed at 2024-07-01 09:44:01.702221+00:00
Cron job executed at 2024-07-01 09:45:02.405693+00:00
Cron job completed at 2024-07-01 09:45:02.406181+00:00
Cron job executed at 2024-07-01 09:46:02.141190+00:00
Cron job completed at 2024-07-01 09:46:02.141554+00:00
Cron job executed at 2024-07-01 09:47:01.831279+00:00
Cron job completed at 2024-07-01 09:47:01.831710+00:00
Cron job executed at 2024-07-01 09:48:02.610237+00:00
Cron job completed at 2024-07-01 09:48:02.610551+00:00
Cron job executed at 2024-07-01 09:49:02.333105+00:00
Cron job completed at 2024-07-01 09:49:02.333450+00:00
Cron job executed at 2024-07-01 09:50:01.958512+00:00
Cron job completed at 2024-07-01 09:50:01.958803+00:00
Cron job executed at 2024-07-01 09:51:02.309750+00:00
Cron job completed at 2024-07-01 09:51:02.312104+00:00
Cron job executed at 2024-07-01 09:52:02.250516+00:00
Cron job completed at 2024-07-01 09:52:02.252123+00:00
Cron job executed at 2024-07-01 09:53:01.786458+00:00
Cron job completed at 2024-07-01 09:53:01.786780+00:00
Cron job executed at 2024-07-01 09:54:02.279440+00:00
Cron job completed at 2024-07-01 09:54:02.279676+00:00
Cron job executed at 2024-07-01 09:55:01.714704+00:00
Cron job completed at 2024-07-01 09:55:01.714940+00:00
Cron job executed at 2024-07-01 09:56:02.143922+00:00
Cron job completed at 2024-07-01 09:56:02.144139+00:00
Cron job executed at 2024-07-01 09:57:01.552903+00:00
Cron job completed at 2024-07-01 09:57:01.553135+00:00
Cron job executed at 2024-07-01 09:58:01.975929+00:00
Cron job completed at 2024-07-01 09:58:01.976150+00:00
Cron job executed at 2024-07-01 09:59:01.400896+00:00
Cron job completed at 2024-07-01 09:59:01.401147+00:00
Cron job executed at 2024-07-01 10:00:01.818691+00:00
Cron job completed at 2024-07-01 10:00:01.818916+00:00
Cron job executed at 2024-07-01 10:01:02.241727+00:00
Cron job completed at 2024-07-01 10:01:02.241971+00:00
Cron job executed at 2024-07-01 10:02:01.686520+00:00
Cron job completed at 2024-07-01 10:02:01.686755+00:00
Cron job executed at 2024-07-01 10:03:02.188508+00:00
Cron job completed at 2024-07-01 10:03:02.188754+00:00
Cron job executed at 2024-07-01 10:04:01.697513+00:00
Cron job completed at 2024-07-01 10:04:01.697768+00:00
Cron job executed at 2024-07-01 10:05:02.210579+00:00
Cron job completed at 2024-07-01 10:05:02.210862+00:00
Cron job executed at 2024-07-01 10:06:01.650274+00:00
Cron job completed at 2024-07-01 10:06:01.650503+00:00
Cron job executed at 2024-07-01 10:07:02.115194+00:00
Cron job completed at 2024-07-01 10:07:02.115446+00:00
Cron job executed at 2024-07-01 10:08:01.605288+00:00
Cron job completed at 2024-07-01 10:08:01.605573+00:00
Cron job executed at 2024-07-01 10:09:02.107150+00:00
Cron job completed at 2024-07-01 10:09:02.107451+00:00
Cron job executed at 2024-07-01 10:10:01.577310+00:00
Cron job completed at 2024-07-01 10:10:01.577552+00:00
Cron job executed at 2024-07-01 10:11:02.003928+00:00
Cron job completed at 2024-07-01 10:11:02.004150+00:00
Cron job executed at 2024-07-01 10:12:01.416468+00:00
Cron job completed at 2024-07-01 10:12:01.416692+00:00
Cron job executed at 2024-07-01 10:13:01.827871+00:00
Cron job completed at 2024-07-01 10:13:01.828100+00:00
Cron job executed at 2024-07-01 10:14:02.241018+00:00
Cron job completed at 2024-07-01 10:14:02.241245+00:00
Cron job executed at 2024-07-01 10:15:01.661084+00:00
Cron job completed at 2024-07-01 10:15:01.661357+00:00
Cron job executed at 2024-07-01 10:16:02.101128+00:00
Cron job completed at 2024-07-01 10:16:02.101420+00:00
Cron job executed at 2024-07-01 10:17:01.508539+00:00
Cron job completed at 2024-07-01 10:17:01.508766+00:00
Cron job executed at 2024-07-01 10:18:01.916640+00:00
Cron job completed at 2024-07-01 10:18:01.916880+00:00
Cron job executed at 2024-07-01 10:19:02.325398+00:00
Cron job completed at 2024-07-01 10:19:02.325626+00:00
Cron job executed at 2024-07-01 10:20:01.742233+00:00
Cron job completed at 2024-07-01 10:20:01.742506+00:00
Cron job executed at 2024-07-01 10:21:02.154701+00:00
Cron job completed at 2024-07-01 10:21:02.154932+00:00
Cron job executed at 2024-07-01 11:52:03.057596+00:00
Cron job completed at 2024-07-01 11:52:03.057931+00:00
Cron job executed at 2024-07-01 11:53:01.739211+00:00
Cron job completed at 2024-07-01 11:53:01.739529+00:00
Cron job executed at 2024-07-01 11:54:02.392855+00:00
Cron job completed at 2024-07-01 11:54:02.393189+00:00
Cron job executed at 2024-07-01 11:55:02.037870+00:00
Cron job completed at 2024-07-01 11:55:02.038184+00:00
Cron job executed at 2024-07-01 11:56:01.822478+00:00
Cron job completed at 2024-07-01 11:56:01.822818+00:00
Cron job executed at 2024-07-01 11:58:02.816943+00:00
Cron job completed at 2024-07-01 11:58:02.817287+00:00
Cron job executed at 2024-07-01 11:59:02.705467+00:00
Cron job completed at 2024-07-01 11:59:02.705833+00:00
Cron job executed at 2024-07-01 12:00:02.608925+00:00
Cron job completed at 2024-07-01 12:00:02.609340+00:00
Cron job executed at 2024-07-01 12:01:02.485946+00:00
Cron job completed at 2024-07-01 12:01:02.486382+00:00
Cron job executed at 2024-07-01 12:02:02.266074+00:00
Cron job completed at 2024-07-01 12:02:02.266393+00:00
Cron job executed at 2024-07-01 12:03:01.959124+00:00
Cron job completed at 2024-07-01 12:03:01.959498+00:00
Cron job executed at 2024-07-01 12:04:01.650156+00:00
Cron job completed at 2024-07-01 12:04:01.650483+00:00
Cron job executed at 2024-07-01 12:05:02.478451+00:00
Cron job completed at 2024-07-01 12:05:02.479066+00:00
Cron job executed at 2024-07-01 12:06:02.266156+00:00
Cron job completed at 2024-07-01 12:06:02.266540+00:00
Cron job executed at 2024-07-01 12:07:01.977121+00:00
Cron job completed at 2024-07-01 12:07:01.977452+00:00
Cron job executed at 2024-07-01 12:08:01.707357+00:00
Cron job completed at 2024-07-01 12:08:01.707709+00:00
Cron job executed at 2024-07-01 12:09:02.609476+00:00
Cron job completed at 2024-07-01 12:09:02.609895+00:00
Cron job executed at 2024-07-01 12:10:02.385181+00:00
Cron job completed at 2024-07-01 12:10:02.385514+00:00
Cron job executed at 2024-07-01 12:11:02.083913+00:00
Cron job completed at 2024-07-01 12:11:02.084304+00:00
Cron job executed at 2024-07-01 12:12:01.876729+00:00
Cron job completed at 2024-07-01 12:12:01.877119+00:00
Cron job executed at 2024-07-01 12:13:01.756491+00:00
Cron job completed at 2024-07-01 12:13:01.757339+00:00
Cron job executed at 2024-07-01 12:14:02.448815+00:00
Cron job completed at 2024-07-01 12:14:02.449245+00:00
Cron job executed at 2024-07-01 12:15:02.629362+00:00
Cron job completed at 2024-07-01 12:15:02.630937+00:00
Cron job executed at 2024-07-01 12:16:02.429743+00:00
Cron job completed at 2024-07-01 12:16:02.430139+00:00
Cron job executed at 2024-07-01 12:17:02.327668+00:00
Cron job completed at 2024-07-01 12:17:02.328027+00:00
Cron job executed at 2024-07-01 12:18:02.643333+00:00
Cron job completed at 2024-07-01 12:18:02.645312+00:00
Cron job executed at 2024-07-01 12:19:02.377265+00:00
Cron job completed at 2024-07-01 12:19:02.377643+00:00
Cron job executed at 2024-07-01 12:20:02.134635+00:00
Cron job completed at 2024-07-01 12:20:02.136458+00:00
Cron job executed at 2024-07-01 12:21:01.954149+00:00
Cron job completed at 2024-07-01 12:21:01.954579+00:00
Cron job executed at 2024-07-01 12:22:02.561224+00:00
Cron job completed at 2024-07-01 12:22:02.564122+00:00
Cron job executed at 2024-07-01 12:23:02.069600+00:00
Cron job completed at 2024-07-01 12:23:02.069865+00:00
Cron job executed at 2024-07-01 12:24:01.793367+00:00
Cron job completed at 2024-07-01 12:24:01.793886+00:00
Cron job executed at 2024-07-01 12:25:02.232984+00:00
Cron job completed at 2024-07-01 12:25:02.233246+00:00
Cron job executed at 2024-07-01 12:26:01.791255+00:00
Cron job completed at 2024-07-01 12:26:01.791753+00:00
Cron job executed at 2024-07-01 12:27:02.343538+00:00
Cron job completed at 2024-07-01 12:27:02.343862+00:00
Cron job executed at 2024-07-01 12:28:01.851045+00:00
Cron job completed at 2024-07-01 12:28:01.851331+00:00
Cron job executed at 2024-07-01 12:29:02.343905+00:00
Cron job completed at 2024-07-01 12:29:02.344178+00:00
Cron job executed at 2024-07-01 12:30:02.091801+00:00
Cron job completed at 2024-07-01 12:30:02.092958+00:00
Cron job executed at 2024-07-01 12:31:01.511992+00:00
Cron job completed at 2024-07-01 12:31:01.512227+00:00
Cron job executed at 2024-07-01 12:32:01.965292+00:00
Cron job completed at 2024-07-01 12:32:01.965565+00:00
Cron job executed at 2024-07-01 12:33:01.738169+00:00
Cron job completed at 2024-07-01 12:33:01.738424+00:00
Cron job executed at 2024-07-01 12:34:02.176264+00:00
Cron job completed at 2024-07-01 12:34:02.176546+00:00
Cron job executed at 2024-07-01 12:35:01.877535+00:00
Cron job completed at 2024-07-01 12:35:01.878828+00:00
Cron job executed at 2024-07-01 12:36:02.293444+00:00
Cron job completed at 2024-07-01 12:36:02.293665+00:00
Cron job executed at 2024-07-01 12:37:01.735378+00:00
Cron job completed at 2024-07-01 12:37:01.735647+00:00
Cron job executed at 2024-07-01 12:38:02.528407+00:00
Cron job completed at 2024-07-01 12:38:02.528679+00:00
Cron job executed at 2024-07-01 12:39:02.011588+00:00
Cron job completed at 2024-07-01 12:39:02.011864+00:00
Cron job executed at 2024-07-01 12:40:01.493672+00:00
Cron job completed at 2024-07-01 12:40:01.493935+00:00
Cron job executed at 2024-07-01 12:41:01.955396+00:00
Cron job completed at 2024-07-01 12:41:01.955627+00:00
Cron job executed at 2024-07-01 12:42:01.381334+00:00
Cron job completed at 2024-07-01 12:42:01.381556+00:00
Cron job executed at 2024-07-01 12:43:01.798256+00:00
Cron job completed at 2024-07-01 12:43:01.798496+00:00
Cron job executed at 2024-07-01 12:44:02.201358+00:00
Cron job completed at 2024-07-01 12:44:02.201581+00:00
Cron job executed at 2024-07-01 12:45:01.620368+00:00
Cron job completed at 2024-07-01 12:45:01.620610+00:00
Cron job executed at 2024-07-01 12:46:02.036303+00:00
Cron job completed at 2024-07-01 12:46:02.036532+00:00
Cron job executed at 2024-07-01 12:47:01.448947+00:00
Cron job completed at 2024-07-01 12:47:01.449171+00:00
Cron job executed at 2024-07-01 12:48:01.861186+00:00
Cron job completed at 2024-07-01 12:48:01.861431+00:00
Cron job executed at 2024-07-01 12:49:02.302840+00:00
Cron job completed at 2024-07-01 12:49:02.303085+00:00
Cron job executed at 2024-07-01 12:50:01.772162+00:00
Cron job completed at 2024-07-01 12:50:01.772413+00:00
