/bin/bash: /backend/run_server.sh: No such file or directory
/bin/bash: /backend/run_server.sh: No such file or directory
/bin/bash: /backend/run_server.sh: No such file or directory
/bin/bash: /backend/run_server.sh: No such file or directory
/bin/bash: /server/run_server.sh: No such file or directory
/bin/bash: /server/run_server.sh: No such file or directory
/bin/bash: /server/run_server.sh: No such file or directory
/bin/bash: /server/run_server.sh: No such file or directory
supervisor: couldn't chdir to /server: ENOENT
supervisor: child process was not spawned
supervisor: couldn't chdir to /server: ENOENT
supervisor: child process was not spawned
supervisor: couldn't chdir to /server: ENOENT
supervisor: child process was not spawned
supervisor: couldn't chdir to /server: ENOENT
supervisor: child process was not spawned
/bin/bash: /backend/run_server.sh: No such file or directory
/bin/bash: /backend/run_server.sh: No such file or directory
/bin/bash: /backend/run_server.sh: No such file or directory
/bin/bash: /backend/run_server.sh: No such file or directory
/bin/bash: /backend/run_server.sh: No such file or directory
/bin/bash: /backend/run_server.sh: No such file or directory
/bin/bash: /backend/run_server.sh: No such file or directory
/bin/bash: /backend/run_server.sh: No such file or directory
/bin/bash: /backend/run_server.sh: No such file or directory
/bin/bash: /backend/run_server.sh: No such file or directory
/bin/bash: /backend/run_server.sh: No such file or directory
/bin/bash: /backend/run_server.sh: No such file or directory
Waiting for postgres...
PostgreSQL started
No changes detected
Migrations for 'authentication':
  authentication/migrations/0001_initial.py
    - Create model User
    - Create model Game
    - Create model Member
    - Create model UserStat
    - Create model FriendRequest
    - Add field friends to user
    - Add field groups to user
    - Add field user_permissions to user
Operations to perform:
  Apply all migrations: admin, auth, authentication, authtoken, contenttypes, sessions
Running migrations:
  Applying contenttypes.0001_initial... OK
  Applying contenttypes.0002_remove_content_type_name... OK
  Applying auth.0001_initial... OK
  Applying auth.0002_alter_permission_name_max_length... OK
  Applying auth.0003_alter_user_email_max_length... OK
  Applying auth.0004_alter_user_username_opts... OK
  Applying auth.0005_alter_user_last_login_null... OK
  Applying auth.0006_require_contenttypes_0002... OK
  Applying auth.0007_alter_validators_add_error_messages... OK
  Applying auth.0008_alter_user_username_max_length... OK
  Applying auth.0009_alter_user_last_name_max_length... OK
  Applying auth.0010_alter_group_name_max_length... OK
  Applying auth.0011_update_proxy_permissions... OK
  Applying auth.0012_alter_user_first_name_max_length... OK
  Applying authentication.0001_initial... OK
  Applying admin.0001_initial... OK
  Applying admin.0002_logentry_remove_auto_add... OK
  Applying admin.0003_logentry_add_action_flag_choices... OK
  Applying authtoken.0001_initial... OK
  Applying authtoken.0002_auto_20160226_1747... OK
  Applying authtoken.0003_tokenproxy... OK
  Applying authtoken.0004_alter_tokenproxy_options... OK
  Applying sessions.0001_initial... OK

345 static files copied to '/backend/productionfiles'.
  adding cronjob: (f3287db75e6e7ba5390d7b1c1320cb26) -> ('* * * * *', 'authentication.management.commands.delete_inactive_users.Command.handle')
Currently active jobs in crontab:
f3287db75e6e7ba5390d7b1c1320cb26 -> ('* * * * *', 'authentication.management.commands.delete_inactive_users.Command.handle')
Performing system checks...

System check identified no issues (0 silenced).
June 30, 2024 - 15:31:58
Django version 4.2.11, using settings 'backend.settings'
Starting development server at http://0.0.0.0:8000/
Quit the server with CONTROL-C.

